<?xml version="1.0" encoding="UTF-8"?>
<testsuite name="com.yunzhong.appointment.AppointmentApplicationTests" time="0.002" tests="1" errors="1" skipped="0" failures="0">
  <properties>
[...]
</properties>
  <testcase name="contextLoads" classname="com.yunzhong.appointment.AppointmentApplicationTests" time="0.002">
    <error message="Failed to load ApplicationContext" type="java.lang.IllegalStateException">java.lang.IllegalStateException: Failed to load ApplicationContext
	at org.springframework.test.context.cache.DefaultCacheAwareContextLoaderDelegate.loadContext(DefaultCacheAwareContextLoaderDelegate.java:124)
	at org.springframework.test.context.support.DefaultTestContext.getApplicationContext(DefaultTestContext.java:83)
	at org.springframework.test.context.web.ServletTestExecutionListener.setUpRequestContextIfNecessary(ServletTestExecutionListener.java:189)
	at org.springframework.test.context.web.ServletTestExecutionListener.prepareTestInstance(ServletTestExecutionListener.java:131)
	at org.springframework.test.context.TestContextManager.prepareTestInstance(TestContextManager.java:230)
	at org.springframework.test.context.junit4.SpringJUnit4ClassRunner.createTest(SpringJUnit4ClassRunner.java:228)
	at org.springframework.test.context.junit4.SpringJUnit4ClassRunner$1.runReflectiveCall(SpringJUnit4ClassRunner.java:287)
	at org.junit.internal.runners.model.ReflectiveCallable.run(ReflectiveCallable.java:12)
	at org.springframework.test.context.junit4.SpringJUnit4ClassRunner.methodBlock(SpringJUnit4ClassRunner.java:289)
	at org.springframework.test.context.junit4.SpringJUnit4ClassRunner.runChild(SpringJUnit4ClassRunner.java:247)
	at org.springframework.test.context.junit4.SpringJUnit4ClassRunner.runChild(SpringJUnit4ClassRunner.java:94)
	at org.junit.runners.ParentRunner$3.run(ParentRunner.java:290)
	at org.junit.runners.ParentRunner$1.schedule(ParentRunner.java:71)
	at org.junit.runners.ParentRunner.runChildren(ParentRunner.java:288)
	at org.junit.runners.ParentRunner.access$000(ParentRunner.java:58)
	at org.junit.runners.ParentRunner$2.evaluate(ParentRunner.java:268)
	at org.springframework.test.context.junit4.statements.RunBeforeTestClassCallbacks.evaluate(RunBeforeTestClassCallbacks.java:61)
	at org.springframework.test.context.junit4.statements.RunAfterTestClassCallbacks.evaluate(RunAfterTestClassCallbacks.java:70)
	at org.junit.runners.ParentRunner.run(ParentRunner.java:363)
	at org.springframework.test.context.junit4.SpringJUnit4ClassRunner.run(SpringJUnit4ClassRunner.java:191)
	at org.apache.maven.surefire.junit4.JUnit4Provider.execute(JUnit4Provider.java:283)
	at org.apache.maven.surefire.junit4.JUnit4Provider.executeWithRerun(JUnit4Provider.java:173)
	at org.apache.maven.surefire.junit4.JUnit4Provider.executeTestSet(JUnit4Provider.java:153)
	at org.apache.maven.surefire.junit4.JUnit4Provider.invoke(JUnit4Provider.java:128)
	at org.apache.maven.surefire.booter.ForkedBooter.invokeProviderInSameClassLoader(ForkedBooter.java:203)
	at org.apache.maven.surefire.booter.ForkedBooter.runSuitesInProcess(ForkedBooter.java:155)
	at org.apache.maven.surefire.booter.ForkedBooter.main(ForkedBooter.java:103)
Caused by: java.lang.IllegalStateException: Failed to execute CommandLineRunner
	at org.springframework.boot.SpringApplication.callRunner(SpringApplication.java:735)
	at org.springframework.boot.SpringApplication.callRunners(SpringApplication.java:716)
	at org.springframework.boot.SpringApplication.afterRefresh(SpringApplication.java:703)
	at org.springframework.boot.SpringApplication.run(SpringApplication.java:304)
	at org.springframework.boot.test.context.SpringBootContextLoader.loadContext(SpringBootContextLoader.java:120)
	at org.springframework.test.context.cache.DefaultCacheAwareContextLoaderDelegate.loadContextInternal(DefaultCacheAwareContextLoaderDelegate.java:98)
	at org.springframework.test.context.cache.DefaultCacheAwareContextLoaderDelegate.loadContext(DefaultCacheAwareContextLoaderDelegate.java:116)
	at org.springframework.test.context.support.DefaultTestContext.getApplicationContext(DefaultTestContext.java:83)
	at org.springframework.test.context.web.ServletTestExecutionListener.setUpRequestContextIfNecessary(ServletTestExecutionListener.java:189)
	at org.springframework.test.context.web.ServletTestExecutionListener.prepareTestInstance(ServletTestExecutionListener.java:131)
	at org.springframework.test.context.TestContextManager.prepareTestInstance(TestContextManager.java:230)
	at org.springframework.test.context.junit4.SpringJUnit4ClassRunner.createTest(SpringJUnit4ClassRunner.java:228)
	at org.springframework.test.context.junit4.SpringJUnit4ClassRunner$1.runReflectiveCall(SpringJUnit4ClassRunner.java:287)
	at org.junit.internal.runners.model.ReflectiveCallable.run(ReflectiveCallable.java:12)
	at org.springframework.test.context.junit4.SpringJUnit4ClassRunner.methodBlock(SpringJUnit4ClassRunner.java:289)
	at org.springframework.test.context.junit4.SpringJUnit4ClassRunner.runChild(SpringJUnit4ClassRunner.java:247)
	at org.springframework.test.context.junit4.SpringJUnit4ClassRunner.runChild(SpringJUnit4ClassRunner.java:94)
	at org.junit.runners.ParentRunner$3.run(ParentRunner.java:290)
	at org.junit.runners.ParentRunner$1.schedule(ParentRunner.java:71)
	at org.junit.runners.ParentRunner.runChildren(ParentRunner.java:288)
	at org.junit.runners.ParentRunner.access$000(ParentRunner.java:58)
	at org.junit.runners.ParentRunner$2.evaluate(ParentRunner.java:268)
	at org.springframework.test.context.junit4.statements.RunBeforeTestClassCallbacks.evaluate(RunBeforeTestClassCallbacks.java:61)
	at org.springframework.test.context.junit4.statements.RunAfterTestClassCallbacks.evaluate(RunAfterTestClassCallbacks.java:70)
	at org.junit.runners.ParentRunner.run(ParentRunner.java:363)
	at org.springframework.test.context.junit4.SpringJUnit4ClassRunner.run(SpringJUnit4ClassRunner.java:191)
	at org.apache.maven.surefire.junit4.JUnit4Provider.execute(JUnit4Provider.java:283)
	at org.apache.maven.surefire.junit4.JUnit4Provider.executeWithRerun(JUnit4Provider.java:173)
	at org.apache.maven.surefire.junit4.JUnit4Provider.executeTestSet(JUnit4Provider.java:153)
	at org.apache.maven.surefire.junit4.JUnit4Provider.invoke(JUnit4Provider.java:128)
	at org.apache.maven.surefire.booter.ForkedBooter.invokeProviderInSameClassLoader(ForkedBooter.java:203)
	at org.apache.maven.surefire.booter.ForkedBooter.runSuitesInProcess(ForkedBooter.java:155)
	at org.apache.maven.surefire.booter.ForkedBooter.main(ForkedBooter.java:103)
Caused by: org.springframework.data.redis.RedisConnectionFailureException: Cannot get Jedis connection; nested exception is redis.clients.jedis.exceptions.JedisConnectionException: Could not get a resource from the pool
	at org.springframework.data.redis.connection.jedis.JedisConnectionFactory.fetchJedisConnector(JedisConnectionFactory.java:204)
	at org.springframework.data.redis.connection.jedis.JedisConnectionFactory.getConnection(JedisConnectionFactory.java:348)
	at org.springframework.data.redis.core.RedisConnectionUtils.doGetConnection(RedisConnectionUtils.java:129)
	at org.springframework.data.redis.core.RedisConnectionUtils.getConnection(RedisConnectionUtils.java:92)
	at org.springframework.data.redis.core.RedisConnectionUtils.getConnection(RedisConnectionUtils.java:79)
	at org.springframework.data.redis.core.RedisTemplate.execute(RedisTemplate.java:194)
	at org.springframework.data.redis.core.RedisTemplate.execute(RedisTemplate.java:169)
	at org.springframework.data.redis.core.RedisTemplate.delete(RedisTemplate.java:630)
	at com.yunzhong.appointment.commandLine.initRedisDate.run(initRedisDate.java:38)
	at org.springframework.boot.SpringApplication.callRunner(SpringApplication.java:732)
	at org.springframework.boot.SpringApplication.callRunners(SpringApplication.java:716)
	at org.springframework.boot.SpringApplication.afterRefresh(SpringApplication.java:703)
	at org.springframework.boot.SpringApplication.run(SpringApplication.java:304)
	at org.springframework.boot.test.context.SpringBootContextLoader.loadContext(SpringBootContextLoader.java:120)
	at org.springframework.test.context.cache.DefaultCacheAwareContextLoaderDelegate.loadContextInternal(DefaultCacheAwareContextLoaderDelegate.java:98)
	at org.springframework.test.context.cache.DefaultCacheAwareContextLoaderDelegate.loadContext(DefaultCacheAwareContextLoaderDelegate.java:116)
	at org.springframework.test.context.support.DefaultTestContext.getApplicationContext(DefaultTestContext.java:83)
	at org.springframework.test.context.web.ServletTestExecutionListener.setUpRequestContextIfNecessary(ServletTestExecutionListener.java:189)
	at org.springframework.test.context.web.ServletTestExecutionListener.prepareTestInstance(ServletTestExecutionListener.java:131)
	at org.springframework.test.context.TestContextManager.prepareTestInstance(TestContextManager.java:230)
	at org.springframework.test.context.junit4.SpringJUnit4ClassRunner.createTest(SpringJUnit4ClassRunner.java:228)
	at org.springframework.test.context.junit4.SpringJUnit4ClassRunner$1.runReflectiveCall(SpringJUnit4ClassRunner.java:287)
	at org.junit.internal.runners.model.ReflectiveCallable.run(ReflectiveCallable.java:12)
	at org.springframework.test.context.junit4.SpringJUnit4ClassRunner.methodBlock(SpringJUnit4ClassRunner.java:289)
	at org.springframework.test.context.junit4.SpringJUnit4ClassRunner.runChild(SpringJUnit4ClassRunner.java:247)
	at org.springframework.test.context.junit4.SpringJUnit4ClassRunner.runChild(SpringJUnit4ClassRunner.java:94)
	at org.junit.runners.ParentRunner$3.run(ParentRunner.java:290)
	at org.junit.runners.ParentRunner$1.schedule(ParentRunner.java:71)
	at org.junit.runners.ParentRunner.runChildren(ParentRunner.java:288)
	at org.junit.runners.ParentRunner.access$000(ParentRunner.java:58)
	at org.junit.runners.ParentRunner$2.evaluate(ParentRunner.java:268)
	at org.springframework.test.context.junit4.statements.RunBeforeTestClassCallbacks.evaluate(RunBeforeTestClassCallbacks.java:61)
	at org.springframework.test.context.junit4.statements.RunAfterTestClassCallbacks.evaluate(RunAfterTestClassCallbacks.java:70)
	at org.junit.runners.ParentRunner.run(ParentRunner.java:363)
	at org.springframework.test.context.junit4.SpringJUnit4ClassRunner.run(SpringJUnit4ClassRunner.java:191)
	at org.apache.maven.surefire.junit4.JUnit4Provider.execute(JUnit4Provider.java:283)
	at org.apache.maven.surefire.junit4.JUnit4Provider.executeWithRerun(JUnit4Provider.java:173)
	at org.apache.maven.surefire.junit4.JUnit4Provider.executeTestSet(JUnit4Provider.java:153)
	at org.apache.maven.surefire.junit4.JUnit4Provider.invoke(JUnit4Provider.java:128)
	at org.apache.maven.surefire.booter.ForkedBooter.invokeProviderInSameClassLoader(ForkedBooter.java:203)
	at org.apache.maven.surefire.booter.ForkedBooter.runSuitesInProcess(ForkedBooter.java:155)
	at org.apache.maven.surefire.booter.ForkedBooter.main(ForkedBooter.java:103)
Caused by: redis.clients.jedis.exceptions.JedisConnectionException: Could not get a resource from the pool
	at redis.clients.util.Pool.getResource(Pool.java:53)
	at redis.clients.jedis.JedisPool.getResource(JedisPool.java:226)
	at redis.clients.jedis.JedisPool.getResource(JedisPool.java:16)
	at org.springframework.data.redis.connection.jedis.JedisConnectionFactory.fetchJedisConnector(JedisConnectionFactory.java:194)
	at org.springframework.data.redis.connection.jedis.JedisConnectionFactory.getConnection(JedisConnectionFactory.java:348)
	at org.springframework.data.redis.core.RedisConnectionUtils.doGetConnection(RedisConnectionUtils.java:129)
	at org.springframework.data.redis.core.RedisConnectionUtils.getConnection(RedisConnectionUtils.java:92)
	at org.springframework.data.redis.core.RedisConnectionUtils.getConnection(RedisConnectionUtils.java:79)
	at org.springframework.data.redis.core.RedisTemplate.execute(RedisTemplate.java:194)
	at org.springframework.data.redis.core.RedisTemplate.execute(RedisTemplate.java:169)
	at org.springframework.data.redis.core.RedisTemplate.delete(RedisTemplate.java:630)
	at com.yunzhong.appointment.commandLine.initRedisDate.run(initRedisDate.java:38)
	at org.springframework.boot.SpringApplication.callRunner(SpringApplication.java:732)
	at org.springframework.boot.SpringApplication.callRunners(SpringApplication.java:716)
	at org.springframework.boot.SpringApplication.afterRefresh(SpringApplication.java:703)
	at org.springframework.boot.SpringApplication.run(SpringApplication.java:304)
	at org.springframework.boot.test.context.SpringBootContextLoader.loadContext(SpringBootContextLoader.java:120)
	at org.springframework.test.context.cache.DefaultCacheAwareContextLoaderDelegate.loadContextInternal(DefaultCacheAwareContextLoaderDelegate.java:98)
	at org.springframework.test.context.cache.DefaultCacheAwareContextLoaderDelegate.loadContext(DefaultCacheAwareContextLoaderDelegate.java:116)
	at org.springframework.test.context.support.DefaultTestContext.getApplicationContext(DefaultTestContext.java:83)
	at org.springframework.test.context.web.ServletTestExecutionListener.setUpRequestContextIfNecessary(ServletTestExecutionListener.java:189)
	at org.springframework.test.context.web.ServletTestExecutionListener.prepareTestInstance(ServletTestExecutionListener.java:131)
	at org.springframework.test.context.TestContextManager.prepareTestInstance(TestContextManager.java:230)
	at org.springframework.test.context.junit4.SpringJUnit4ClassRunner.createTest(SpringJUnit4ClassRunner.java:228)
	at org.springframework.test.context.junit4.SpringJUnit4ClassRunner$1.runReflectiveCall(SpringJUnit4ClassRunner.java:287)
	at org.junit.internal.runners.model.ReflectiveCallable.run(ReflectiveCallable.java:12)
	at org.springframework.test.context.junit4.SpringJUnit4ClassRunner.methodBlock(SpringJUnit4ClassRunner.java:289)
	at org.springframework.test.context.junit4.SpringJUnit4ClassRunner.runChild(SpringJUnit4ClassRunner.java:247)
	at org.springframework.test.context.junit4.SpringJUnit4ClassRunner.runChild(SpringJUnit4ClassRunner.java:94)
	at org.junit.runners.ParentRunner$3.run(ParentRunner.java:290)
	at org.junit.runners.ParentRunner$1.schedule(ParentRunner.java:71)
	at org.junit.runners.ParentRunner.runChildren(ParentRunner.java:288)
	at org.junit.runners.ParentRunner.access$000(ParentRunner.java:58)
	at org.junit.runners.ParentRunner$2.evaluate(ParentRunner.java:268)
	at org.springframework.test.context.junit4.statements.RunBeforeTestClassCallbacks.evaluate(RunBeforeTestClassCallbacks.java:61)
	at org.springframework.test.context.junit4.statements.RunAfterTestClassCallbacks.evaluate(RunAfterTestClassCallbacks.java:70)
	at org.junit.runners.ParentRunner.run(ParentRunner.java:363)
	at org.springframework.test.context.junit4.SpringJUnit4ClassRunner.run(SpringJUnit4ClassRunner.java:191)
	at org.apache.maven.surefire.junit4.JUnit4Provider.execute(JUnit4Provider.java:283)
	at org.apache.maven.surefire.junit4.JUnit4Provider.executeWithRerun(JUnit4Provider.java:173)
	at org.apache.maven.surefire.junit4.JUnit4Provider.executeTestSet(JUnit4Provider.java:153)
	at org.apache.maven.surefire.junit4.JUnit4Provider.invoke(JUnit4Provider.java:128)
	at org.apache.maven.surefire.booter.ForkedBooter.invokeProviderInSameClassLoader(ForkedBooter.java:203)
	at org.apache.maven.surefire.booter.ForkedBooter.runSuitesInProcess(ForkedBooter.java:155)
	at org.apache.maven.surefire.booter.ForkedBooter.main(ForkedBooter.java:103)
Caused by: redis.clients.jedis.exceptions.JedisConnectionException: java.net.ConnectException: Connection refused: connect
	at redis.clients.jedis.Connection.connect(Connection.java:207)
	at redis.clients.jedis.BinaryClient.connect(BinaryClient.java:93)
	at redis.clients.jedis.BinaryJedis.connect(BinaryJedis.java:1767)
	at redis.clients.jedis.JedisFactory.makeObject(JedisFactory.java:106)
	at org.apache.commons.pool2.impl.GenericObjectPool.create(GenericObjectPool.java:868)
	at org.apache.commons.pool2.impl.GenericObjectPool.borrowObject(GenericObjectPool.java:435)
	at org.apache.commons.pool2.impl.GenericObjectPool.borrowObject(GenericObjectPool.java:363)
	at redis.clients.util.Pool.getResource(Pool.java:49)
	at redis.clients.jedis.JedisPool.getResource(JedisPool.java:226)
	at redis.clients.jedis.JedisPool.getResource(JedisPool.java:16)
	at org.springframework.data.redis.connection.jedis.JedisConnectionFactory.fetchJedisConnector(JedisConnectionFactory.java:194)
	at org.springframework.data.redis.connection.jedis.JedisConnectionFactory.getConnection(JedisConnectionFactory.java:348)
	at org.springframework.data.redis.core.RedisConnectionUtils.doGetConnection(RedisConnectionUtils.java:129)
	at org.springframework.data.redis.core.RedisConnectionUtils.getConnection(RedisConnectionUtils.java:92)
	at org.springframework.data.redis.core.RedisConnectionUtils.getConnection(RedisConnectionUtils.java:79)
	at org.springframework.data.redis.core.RedisTemplate.execute(RedisTemplate.java:194)
	at org.springframework.data.redis.core.RedisTemplate.execute(RedisTemplate.java:169)
	at org.springframework.data.redis.core.RedisTemplate.delete(RedisTemplate.java:630)
	at com.yunzhong.appointment.commandLine.initRedisDate.run(initRedisDate.java:38)
	at org.springframework.boot.SpringApplication.callRunner(SpringApplication.java:732)
	at org.springframework.boot.SpringApplication.callRunners(SpringApplication.java:716)
	at org.springframework.boot.SpringApplication.afterRefresh(SpringApplication.java:703)
	at org.springframework.boot.SpringApplication.run(SpringApplication.java:304)
	at org.springframework.boot.test.context.SpringBootContextLoader.loadContext(SpringBootContextLoader.java:120)
	at org.springframework.test.context.cache.DefaultCacheAwareContextLoaderDelegate.loadContextInternal(DefaultCacheAwareContextLoaderDelegate.java:98)
	at org.springframework.test.context.cache.DefaultCacheAwareContextLoaderDelegate.loadContext(DefaultCacheAwareContextLoaderDelegate.java:116)
	at org.springframework.test.context.support.DefaultTestContext.getApplicationContext(DefaultTestContext.java:83)
	at org.springframework.test.context.web.ServletTestExecutionListener.setUpRequestContextIfNecessary(ServletTestExecutionListener.java:189)
	at org.springframework.test.context.web.ServletTestExecutionListener.prepareTestInstance(ServletTestExecutionListener.java:131)
	at org.springframework.test.context.TestContextManager.prepareTestInstance(TestContextManager.java:230)
	at org.springframework.test.context.junit4.SpringJUnit4ClassRunner.createTest(SpringJUnit4ClassRunner.java:228)
	at org.springframework.test.context.junit4.SpringJUnit4ClassRunner$1.runReflectiveCall(SpringJUnit4ClassRunner.java:287)
	at org.junit.internal.runners.model.ReflectiveCallable.run(ReflectiveCallable.java:12)
	at org.springframework.test.context.junit4.SpringJUnit4ClassRunner.methodBlock(SpringJUnit4ClassRunner.java:289)
	at org.springframework.test.context.junit4.SpringJUnit4ClassRunner.runChild(SpringJUnit4ClassRunner.java:247)
	at org.springframework.test.context.junit4.SpringJUnit4ClassRunner.runChild(SpringJUnit4ClassRunner.java:94)
	at org.junit.runners.ParentRunner$3.run(ParentRunner.java:290)
	at org.junit.runners.ParentRunner$1.schedule(ParentRunner.java:71)
	at org.junit.runners.ParentRunner.runChildren(ParentRunner.java:288)
	at org.junit.runners.ParentRunner.access$000(ParentRunner.java:58)
	at org.junit.runners.ParentRunner$2.evaluate(ParentRunner.java:268)
	at org.springframework.test.context.junit4.statements.RunBeforeTestClassCallbacks.evaluate(RunBeforeTestClassCallbacks.java:61)
	at org.springframework.test.context.junit4.statements.RunAfterTestClassCallbacks.evaluate(RunAfterTestClassCallbacks.java:70)
	at org.junit.runners.ParentRunner.run(ParentRunner.java:363)
	at org.springframework.test.context.junit4.SpringJUnit4ClassRunner.run(SpringJUnit4ClassRunner.java:191)
	at org.apache.maven.surefire.junit4.JUnit4Provider.execute(JUnit4Provider.java:283)
	at org.apache.maven.surefire.junit4.JUnit4Provider.executeWithRerun(JUnit4Provider.java:173)
	at org.apache.maven.surefire.junit4.JUnit4Provider.executeTestSet(JUnit4Provider.java:153)
	at org.apache.maven.surefire.junit4.JUnit4Provider.invoke(JUnit4Provider.java:128)
	at org.apache.maven.surefire.booter.ForkedBooter.invokeProviderInSameClassLoader(ForkedBooter.java:203)
	at org.apache.maven.surefire.booter.ForkedBooter.runSuitesInProcess(ForkedBooter.java:155)
	at org.apache.maven.surefire.booter.ForkedBooter.main(ForkedBooter.java:103)
Caused by: java.net.ConnectException: Connection refused: connect
	at java.net.DualStackPlainSocketImpl.waitForConnect(Native Method)
	at java.net.DualStackPlainSocketImpl.socketConnect(DualStackPlainSocketImpl.java:85)
	at java.net.AbstractPlainSocketImpl.doConnect(AbstractPlainSocketImpl.java:350)
	at java.net.AbstractPlainSocketImpl.connectToAddress(AbstractPlainSocketImpl.java:206)
	at java.net.AbstractPlainSocketImpl.connect(AbstractPlainSocketImpl.java:188)
	at java.net.PlainSocketImpl.connect(PlainSocketImpl.java:172)
	at java.net.SocksSocketImpl.connect(SocksSocketImpl.java:392)
	at java.net.Socket.connect(Socket.java:589)
	at redis.clients.jedis.Connection.connect(Connection.java:184)
	at redis.clients.jedis.BinaryClient.connect(BinaryClient.java:93)
	at redis.clients.jedis.BinaryJedis.connect(BinaryJedis.java:1767)
	at redis.clients.jedis.JedisFactory.makeObject(JedisFactory.java:106)
	at org.apache.commons.pool2.impl.GenericObjectPool.create(GenericObjectPool.java:868)
	at org.apache.commons.pool2.impl.GenericObjectPool.borrowObject(GenericObjectPool.java:435)
	at org.apache.commons.pool2.impl.GenericObjectPool.borrowObject(GenericObjectPool.java:363)
	at redis.clients.util.Pool.getResource(Pool.java:49)
	at redis.clients.jedis.JedisPool.getResource(JedisPool.java:226)
	at redis.clients.jedis.JedisPool.getResource(JedisPool.java:16)
	at org.springframework.data.redis.connection.jedis.JedisConnectionFactory.fetchJedisConnector(JedisConnectionFactory.java:194)
	at org.springframework.data.redis.connection.jedis.JedisConnectionFactory.getConnection(JedisConnectionFactory.java:348)
	at org.springframework.data.redis.core.RedisConnectionUtils.doGetConnection(RedisConnectionUtils.java:129)
	at org.springframework.data.redis.core.RedisConnectionUtils.getConnection(RedisConnectionUtils.java:92)
	at org.springframework.data.redis.core.RedisConnectionUtils.getConnection(RedisConnectionUtils.java:79)
	at org.springframework.data.redis.core.RedisTemplate.execute(RedisTemplate.java:194)
	at org.springframework.data.redis.core.RedisTemplate.execute(RedisTemplate.java:169)
	at org.springframework.data.redis.core.RedisTemplate.delete(RedisTemplate.java:630)
	at com.yunzhong.appointment.commandLine.initRedisDate.run(initRedisDate.java:38)
	at org.springframework.boot.SpringApplication.callRunner(SpringApplication.java:732)
	at org.springframework.boot.SpringApplication.callRunners(SpringApplication.java:716)
	at org.springframework.boot.SpringApplication.afterRefresh(SpringApplication.java:703)
	at org.springframework.boot.SpringApplication.run(SpringApplication.java:304)
	at org.springframework.boot.test.context.SpringBootContextLoader.loadContext(SpringBootContextLoader.java:120)
	at org.springframework.test.context.cache.DefaultCacheAwareContextLoaderDelegate.loadContextInternal(DefaultCacheAwareContextLoaderDelegate.java:98)
	at org.springframework.test.context.cache.DefaultCacheAwareContextLoaderDelegate.loadContext(DefaultCacheAwareContextLoaderDelegate.java:116)
	at org.springframework.test.context.support.DefaultTestContext.getApplicationContext(DefaultTestContext.java:83)
	at org.springframework.test.context.web.ServletTestExecutionListener.setUpRequestContextIfNecessary(ServletTestExecutionListener.java:189)
	at org.springframework.test.context.web.ServletTestExecutionListener.prepareTestInstance(ServletTestExecutionListener.java:131)
	at org.springframework.test.context.TestContextManager.prepareTestInstance(TestContextManager.java:230)
	at org.springframework.test.context.junit4.SpringJUnit4ClassRunner.createTest(SpringJUnit4ClassRunner.java:228)
	at org.springframework.test.context.junit4.SpringJUnit4ClassRunner$1.runReflectiveCall(SpringJUnit4ClassRunner.java:287)
	at org.junit.internal.runners.model.ReflectiveCallable.run(ReflectiveCallable.java:12)
	at org.springframework.test.context.junit4.SpringJUnit4ClassRunner.methodBlock(SpringJUnit4ClassRunner.java:289)
	at org.springframework.test.context.junit4.SpringJUnit4ClassRunner.runChild(SpringJUnit4ClassRunner.java:247)
	at org.springframework.test.context.junit4.SpringJUnit4ClassRunner.runChild(SpringJUnit4ClassRunner.java:94)
	at org.junit.runners.ParentRunner$3.run(ParentRunner.java:290)
	at org.junit.runners.ParentRunner$1.schedule(ParentRunner.java:71)
	at org.junit.runners.ParentRunner.runChildren(ParentRunner.java:288)
	at org.junit.runners.ParentRunner.access$000(ParentRunner.java:58)
	at org.junit.runners.ParentRunner$2.evaluate(ParentRunner.java:268)
	at org.springframework.test.context.junit4.statements.RunBeforeTestClassCallbacks.evaluate(RunBeforeTestClassCallbacks.java:61)
	at org.springframework.test.context.junit4.statements.RunAfterTestClassCallbacks.evaluate(RunAfterTestClassCallbacks.java:70)
	at org.junit.runners.ParentRunner.run(ParentRunner.java:363)
	at org.springframework.test.context.junit4.SpringJUnit4ClassRunner.run(SpringJUnit4ClassRunner.java:191)
	at org.apache.maven.surefire.junit4.JUnit4Provider.execute(JUnit4Provider.java:283)
	at org.apache.maven.surefire.junit4.JUnit4Provider.executeWithRerun(JUnit4Provider.java:173)
	at org.apache.maven.surefire.junit4.JUnit4Provider.executeTestSet(JUnit4Provider.java:153)
	at org.apache.maven.surefire.junit4.JUnit4Provider.invoke(JUnit4Provider.java:128)
	at org.apache.maven.surefire.booter.ForkedBooter.invokeProviderInSameClassLoader(ForkedBooter.java:203)
	at org.apache.maven.surefire.booter.ForkedBooter.runSuitesInProcess(ForkedBooter.java:155)
	at org.apache.maven.surefire.booter.ForkedBooter.main(ForkedBooter.java:103)
</error>
    <system-out><![CDATA[13:22:54,417 |-INFO in ch.qos.logback.classic.LoggerContext[default] - Could NOT find resource [logback.groovy]
13:22:54,418 |-INFO in ch.qos.logback.classic.LoggerContext[default] - Could NOT find resource [logback-test.xml]
13:22:54,418 |-INFO in ch.qos.logback.classic.LoggerContext[default] - Found resource [logback.xml] at [file:/C:/Users/%e5%b3%b0/git/appointment2/target/classes/logback.xml]
13:22:54,469 |-INFO in ch.qos.logback.classic.joran.action.ConfigurationAction - debug attribute not set
13:22:54,470 |-INFO in ch.qos.logback.core.joran.action.AppenderAction - About to instantiate appender of type [ch.qos.logback.core.ConsoleAppender]
13:22:54,476 |-INFO in ch.qos.logback.core.joran.action.AppenderAction - Naming appender as [stdout]
13:22:54,526 |-WARN in ch.qos.logback.core.ConsoleAppender[stdout] - This appender no longer admits a layout as a sub-component, set an encoder instead.
13:22:54,526 |-WARN in ch.qos.logback.core.ConsoleAppender[stdout] - To ensure compatibility, wrapping your layout in LayoutWrappingEncoder.
13:22:54,526 |-WARN in ch.qos.logback.core.ConsoleAppender[stdout] - See also http://logback.qos.ch/codes.html#layoutInsteadOfEncoder for details
13:22:54,527 |-INFO in ch.qos.logback.classic.joran.action.RootLoggerAction - Setting level of ROOT logger to INFO
13:22:54,527 |-INFO in ch.qos.logback.core.joran.action.AppenderRefAction - Attaching appender named [stdout] to Logger[ROOT]
13:22:54,528 |-INFO in ch.qos.logback.classic.joran.action.LoggerAction - Setting level of logger [com.yunzhong.appointment.mapper] to DEBUG
13:22:54,528 |-INFO in ch.qos.logback.classic.joran.action.ConfigurationAction - End of configuration.
13:22:54,528 |-INFO in ch.qos.logback.classic.joran.JoranConfigurator@13805618 - Registering current configuration as safe fallback point

13:22:54.600 [main]  INFO  org.springframework.boot.test.context.SpringBootTestContextBootstrapper - Neither @ContextConfiguration nor @ContextHierarchy found for test class [com.yunzhong.appointment.AppointmentApplicationTests], using SpringBootContextLoader
13:22:54.606 [main]  INFO  org.springframework.test.context.support.AbstractContextLoader - Could not detect default resource locations for test class [com.yunzhong.appointment.AppointmentApplicationTests]: no resource found for suffixes {-context.xml, Context.groovy}.
13:22:54.607 [main]  INFO  org.springframework.test.context.support.AnnotationConfigContextLoaderUtils - Could not detect default configuration classes for test class [com.yunzhong.appointment.AppointmentApplicationTests]: AppointmentApplicationTests does not declare any static, non-private, non-final, nested classes annotated with @Configuration.
13:22:54.711 [main]  INFO  org.springframework.boot.test.context.SpringBootTestContextBootstrapper - Found @SpringBootConfiguration com.yunzhong.appointment.AppointmentApplication for test class com.yunzhong.appointment.AppointmentApplicationTests
13:22:54.719 [main]  INFO  org.springframework.boot.test.context.SpringBootTestContextBootstrapper - Loaded default TestExecutionListener class names from location [META-INF/spring.factories]: [org.springframework.boot.test.mock.mockito.MockitoTestExecutionListener, org.springframework.boot.test.mock.mockito.ResetMocksTestExecutionListener, org.springframework.boot.test.autoconfigure.restdocs.RestDocsTestExecutionListener, org.springframework.boot.test.autoconfigure.web.client.MockRestServiceServerResetTestExecutionListener, org.springframework.boot.test.autoconfigure.web.servlet.MockMvcPrintOnlyOnFailureTestExecutionListener, org.springframework.boot.test.autoconfigure.web.servlet.WebDriverTestExecutionListener, org.springframework.test.context.web.ServletTestExecutionListener, org.springframework.test.context.support.DirtiesContextBeforeModesTestExecutionListener, org.springframework.test.context.support.DependencyInjectionTestExecutionListener, org.springframework.test.context.support.DirtiesContextTestExecutionListener, org.springframework.test.context.transaction.TransactionalTestExecutionListener, org.springframework.test.context.jdbc.SqlScriptsTestExecutionListener]
13:22:54.743 [main]  INFO  org.springframework.boot.test.context.SpringBootTestContextBootstrapper - Using TestExecutionListeners: [org.springframework.test.context.web.ServletTestExecutionListener@3c22fc4c, org.springframework.test.context.support.DirtiesContextBeforeModesTestExecutionListener@460d0a57, org.springframework.boot.test.autoconfigure.SpringBootDependencyInjectionTestExecutionListener@47d90b9e, org.springframework.test.context.support.DirtiesContextTestExecutionListener@1184ab05, org.springframework.test.context.transaction.TransactionalTestExecutionListener@3aefe5e5, org.springframework.test.context.jdbc.SqlScriptsTestExecutionListener@149e0f5d, org.springframework.boot.test.autoconfigure.web.client.MockRestServiceServerResetTestExecutionListener@1b1473ab, org.springframework.boot.test.mock.mockito.MockitoTestExecutionListener@2f7c2f4f, org.springframework.boot.test.autoconfigure.restdocs.RestDocsTestExecutionListener@6af93788, org.springframework.boot.test.autoconfigure.web.servlet.MockMvcPrintOnlyOnFailureTestExecutionListener@ef9296d, org.springframework.boot.test.mock.mockito.ResetMocksTestExecutionListener@36c88a32, org.springframework.boot.test.autoconfigure.web.servlet.WebDriverTestExecutionListener@7880cdf3]
13:22:54.749 [main]  INFO  org.springframework.boot.test.context.SpringBootTestContextBootstrapper - Neither @ContextConfiguration nor @ContextHierarchy found for test class [com.yunzhong.appointment.AppointmentApplicationTests], using SpringBootContextLoader
13:22:54.750 [main]  INFO  org.springframework.test.context.support.AbstractContextLoader - Could not detect default resource locations for test class [com.yunzhong.appointment.AppointmentApplicationTests]: no resource found for suffixes {-context.xml, Context.groovy}.
13:22:54.751 [main]  INFO  org.springframework.test.context.support.AnnotationConfigContextLoaderUtils - Could not detect default configuration classes for test class [com.yunzhong.appointment.AppointmentApplicationTests]: AppointmentApplicationTests does not declare any static, non-private, non-final, nested classes annotated with @Configuration.
13:22:54.755 [main]  INFO  org.springframework.boot.test.context.SpringBootTestContextBootstrapper - Found @SpringBootConfiguration com.yunzhong.appointment.AppointmentApplication for test class com.yunzhong.appointment.AppointmentApplicationTests
13:22:54.760 [main]  INFO  org.springframework.boot.test.context.SpringBootTestContextBootstrapper - Loaded default TestExecutionListener class names from location [META-INF/spring.factories]: [org.springframework.boot.test.mock.mockito.MockitoTestExecutionListener, org.springframework.boot.test.mock.mockito.ResetMocksTestExecutionListener, org.springframework.boot.test.autoconfigure.restdocs.RestDocsTestExecutionListener, org.springframework.boot.test.autoconfigure.web.client.MockRestServiceServerResetTestExecutionListener, org.springframework.boot.test.autoconfigure.web.servlet.MockMvcPrintOnlyOnFailureTestExecutionListener, org.springframework.boot.test.autoconfigure.web.servlet.WebDriverTestExecutionListener, org.springframework.test.context.web.ServletTestExecutionListener, org.springframework.test.context.support.DirtiesContextBeforeModesTestExecutionListener, org.springframework.test.context.support.DependencyInjectionTestExecutionListener, org.springframework.test.context.support.DirtiesContextTestExecutionListener, org.springframework.test.context.transaction.TransactionalTestExecutionListener, org.springframework.test.context.jdbc.SqlScriptsTestExecutionListener]
13:22:54.764 [main]  INFO  org.springframework.boot.test.context.SpringBootTestContextBootstrapper - Using TestExecutionListeners: [org.springframework.test.context.web.ServletTestExecutionListener@2c767a52, org.springframework.test.context.support.DirtiesContextBeforeModesTestExecutionListener@619713e5, org.springframework.boot.test.autoconfigure.SpringBootDependencyInjectionTestExecutionListener@708f5957, org.springframework.test.context.support.DirtiesContextTestExecutionListener@68999068, org.springframework.test.context.transaction.TransactionalTestExecutionListener@7722c3c3, org.springframework.test.context.jdbc.SqlScriptsTestExecutionListener@2ef3eef9, org.springframework.boot.test.autoconfigure.web.client.MockRestServiceServerResetTestExecutionListener@243c4f91, org.springframework.boot.test.mock.mockito.MockitoTestExecutionListener@291ae, org.springframework.boot.test.autoconfigure.restdocs.RestDocsTestExecutionListener@61df66b6, org.springframework.boot.test.autoconfigure.web.servlet.MockMvcPrintOnlyOnFailureTestExecutionListener@50eac852, org.springframework.boot.test.mock.mockito.ResetMocksTestExecutionListener@16ec5519, org.springframework.boot.test.autoconfigure.web.servlet.WebDriverTestExecutionListener@2f7298b]
13:22:55.090 [main]  DEBUG org.springframework.boot.logging.ClasspathLoggingApplicationListener - Application started with classpath: [file:/C:/Users/%e5%b3%b0/git/appointment2/target/surefire/surefirebooter1723416519903748091.jar]
========================================================================================
欢迎使用云众科技有限公司挂号预约平台！

          
██      ██ ██    ██ ███    ██ ████████ ██    ██   ████   ███    ██  ██████
  ██  ██   ██    ██ ████   ██      ██  ██    ██  ██  ██  ████   ██ ██   
    ██     ██    ██ ██ ██  ██    ██    ████████ ██    ██ ██ ██  ██ ██   ███
    ██     ██    ██ ██  ██ ██  ██      ██    ██  ██  ██  ██  ██ ██ ██    ██
    ██      ██████  ██   ████ ████████ ██    ██   ████   ██   ████  ██████
                                                                
这个项目是Spring-boot加上mybatis开发的
1，用logback.xml配置 日志文件，并用日志打印SQL语句
2，使用pageHelper进行分页
3，druid连接池（web监控帐号：yunzhongadmin，密码：yunzhongadmin）
========================================================================================
13:22:55.141 [main]  WARN  o.s.b.t.j.DuplicateJsonObjectContextCustomizerFactory$DuplicateJsonObjectContextCustomizer - 

Found multiple occurrences of org.json.JSONObject on the class path:

	jar:file:/d:/repository/com/vaadin/external/google/android-json/0.0.20131108.vaadin1/android-json-0.0.20131108.vaadin1.jar!/org/json/JSONObject.class
	jar:file:/d:/repository/org/json/json/20140107/json-20140107.jar!/org/json/JSONObject.class

You may wish to exclude one of them to ensure predictable runtime behaviour

13:22:55.155 [main]  INFO  com.yunzhong.appointment.AppointmentApplicationTests - Starting AppointmentApplicationTests on DESKTOP-BP75SJ5 with PID 5752 (started by 峰 in C:\Users\峰\git\appointment2)
13:22:55.155 [main]  INFO  com.yunzhong.appointment.AppointmentApplicationTests - No active profile set, falling back to default profiles: default
13:22:55.155 [main]  DEBUG org.springframework.boot.SpringApplication - Loading source class com.yunzhong.appointment.AppointmentApplication
13:22:55.187 [main]  DEBUG org.springframework.boot.context.config.ConfigFileApplicationListener - Loaded config file 'file:/C:/Users/%e5%b3%b0/git/appointment2/target/classes/application.yml' (classpath:/application.yml)
13:22:55.187 [main]  DEBUG org.springframework.boot.context.config.ConfigFileApplicationListener - Skipped (empty) config file 'file:/C:/Users/%e5%b3%b0/git/appointment2/target/classes/application.yml' (classpath:/application.yml) for profile default
13:22:55.190 [main]  INFO  org.springframework.web.context.support.GenericWebApplicationContext - Refreshing org.springframework.web.context.support.GenericWebApplicationContext@4bc222e: startup date [Wed Mar 13 13:22:55 CST 2019]; root of context hierarchy
13:22:55.407 [background-preinit] INFO  org.hibernate.validator.internal.util.Version - HV000001: Hibernate Validator 5.3.5.Final
13:22:56.071 [main]  INFO  org.springframework.data.repository.config.RepositoryConfigurationDelegate - Multiple Spring Data modules found, entering strict repository configuration mode!
13:22:56.088 [main]  DEBUG org.springframework.boot.autoconfigure.AutoConfigurationPackages - @EnableAutoConfiguration was declared on a class in the package 'com.yunzhong.appointment'. Automatic @Repository and @Entity scanning is enabled.
13:22:56.586 [main]  INFO  o.s.context.support.PostProcessorRegistrationDelegate$BeanPostProcessorChecker - Bean 'myShiroConfigurer' of type [com.yunzhong.appointment.config.MyShiroConfigurer$$EnhancerBySpringCGLIB$$8482ffbd] is not eligible for getting processed by all BeanPostProcessors (for example: not eligible for auto-proxying)
13:22:56.599 [main]  INFO  o.s.context.support.PostProcessorRegistrationDelegate$BeanPostProcessorChecker - Bean 'redisConfigure' of type [com.yunzhong.appointment.config.RedisConfigure$$EnhancerBySpringCGLIB$$1ce0e8df] is not eligible for getting processed by all BeanPostProcessors (for example: not eligible for auto-proxying)
13:22:56.607 [main]  INFO  o.s.context.support.PostProcessorRegistrationDelegate$BeanPostProcessorChecker - Bean 'org.springframework.transaction.annotation.ProxyTransactionManagementConfiguration' of type [org.springframework.transaction.annotation.ProxyTransactionManagementConfiguration$$EnhancerBySpringCGLIB$$913b26ab] is not eligible for getting processed by all BeanPostProcessors (for example: not eligible for auto-proxying)
13:22:56.638 [main]  INFO  o.s.context.support.PostProcessorRegistrationDelegate$BeanPostProcessorChecker - Bean 'keyGenerator' of type [com.yunzhong.appointment.config.RedisConfigure$1] is not eligible for getting processed by all BeanPostProcessors (for example: not eligible for auto-proxying)
13:22:56.639 [main]  INFO  o.s.context.support.PostProcessorRegistrationDelegate$BeanPostProcessorChecker - Bean 'org.springframework.cache.annotation.ProxyCachingConfiguration' of type [org.springframework.cache.annotation.ProxyCachingConfiguration$$EnhancerBySpringCGLIB$$da4d5cc9] is not eligible for getting processed by all BeanPostProcessors (for example: not eligible for auto-proxying)
13:22:56.678 [main]  INFO  o.s.context.support.PostProcessorRegistrationDelegate$BeanPostProcessorChecker - Bean 'getEhCacheManager' of type [org.apache.shiro.cache.ehcache.EhCacheManager] is not eligible for getting processed by all BeanPostProcessors (for example: not eligible for auto-proxying)
13:22:56.910 [main]  INFO  org.apache.shiro.cache.ehcache.EhCacheManager - Cache with name 'com.yunzhong.appointment.config.MyRealm.authorizationCache' does not yet exist.  Creating now.
13:22:56.910 [main]  INFO  org.apache.shiro.cache.ehcache.EhCacheManager - Added EhCache named [com.yunzhong.appointment.config.MyRealm.authorizationCache]
13:22:56.947 [main]  INFO  o.s.context.support.PostProcessorRegistrationDelegate$BeanPostProcessorChecker - Bean 'druidConfiguration' of type [com.yunzhong.appointment.config.DruidConfiguration$$EnhancerBySpringCGLIB$$2c292a68] is not eligible for getting processed by all BeanPostProcessors (for example: not eligible for auto-proxying)
13:22:57.094 [main]  INFO  o.s.context.support.PostProcessorRegistrationDelegate$BeanPostProcessorChecker - Bean 'com.yunzhong.appointment.config.DruidConfiguration$DataSourceProperties' of type [com.yunzhong.appointment.config.DruidConfiguration$DataSourceProperties] is not eligible for getting processed by all BeanPostProcessors (for example: not eligible for auto-proxying)
13:22:57.458 [main]  INFO  o.s.context.support.PostProcessorRegistrationDelegate$BeanPostProcessorChecker - Bean 'sqlSessionFactoryBean' of type [org.apache.ibatis.session.defaults.DefaultSqlSessionFactory] is not eligible for getting processed by all BeanPostProcessors (for example: not eligible for auto-proxying)
13:22:57.471 [main]  INFO  o.s.context.support.PostProcessorRegistrationDelegate$BeanPostProcessorChecker - Bean 'mybatis-org.mybatis.spring.boot.autoconfigure.MybatisProperties' of type [org.mybatis.spring.boot.autoconfigure.MybatisProperties] is not eligible for getting processed by all BeanPostProcessors (for example: not eligible for auto-proxying)
13:22:57.481 [main]  INFO  o.s.context.support.PostProcessorRegistrationDelegate$BeanPostProcessorChecker - Bean 'org.mybatis.spring.boot.autoconfigure.MybatisAutoConfiguration' of type [org.mybatis.spring.boot.autoconfigure.MybatisAutoConfiguration$$EnhancerBySpringCGLIB$$c40f77db] is not eligible for getting processed by all BeanPostProcessors (for example: not eligible for auto-proxying)
13:22:57.493 [main]  INFO  o.s.context.support.PostProcessorRegistrationDelegate$BeanPostProcessorChecker - Bean 'sqlSessionTemplate' of type [org.mybatis.spring.SqlSessionTemplate] is not eligible for getting processed by all BeanPostProcessors (for example: not eligible for auto-proxying)
13:22:57.495 [main]  INFO  o.s.context.support.PostProcessorRegistrationDelegate$BeanPostProcessorChecker - Bean 'sysUserMapper' of type [org.mybatis.spring.mapper.MapperFactoryBean] is not eligible for getting processed by all BeanPostProcessors (for example: not eligible for auto-proxying)
13:22:57.498 [main]  INFO  o.s.context.support.PostProcessorRegistrationDelegate$BeanPostProcessorChecker - Bean 'sysUserMapper' of type [com.sun.proxy.$Proxy78] is not eligible for getting processed by all BeanPostProcessors (for example: not eligible for auto-proxying)
13:22:57.502 [main]  INFO  o.s.context.support.PostProcessorRegistrationDelegate$BeanPostProcessorChecker - Bean 'sysRoleMapper' of type [org.mybatis.spring.mapper.MapperFactoryBean] is not eligible for getting processed by all BeanPostProcessors (for example: not eligible for auto-proxying)
13:22:57.503 [main]  INFO  o.s.context.support.PostProcessorRegistrationDelegate$BeanPostProcessorChecker - Bean 'sysRoleMapper' of type [com.sun.proxy.$Proxy80] is not eligible for getting processed by all BeanPostProcessors (for example: not eligible for auto-proxying)
13:22:57.508 [main]  INFO  o.s.context.support.PostProcessorRegistrationDelegate$BeanPostProcessorChecker - Bean 'sysMenuMapper' of type [org.mybatis.spring.mapper.MapperFactoryBean] is not eligible for getting processed by all BeanPostProcessors (for example: not eligible for auto-proxying)
13:22:57.509 [main]  INFO  o.s.context.support.PostProcessorRegistrationDelegate$BeanPostProcessorChecker - Bean 'sysMenuMapper' of type [com.sun.proxy.$Proxy81] is not eligible for getting processed by all BeanPostProcessors (for example: not eligible for auto-proxying)
13:22:57.511 [main]  INFO  o.s.context.support.PostProcessorRegistrationDelegate$BeanPostProcessorChecker - Bean 'loginServiceImpl' of type [com.yunzhong.appointment.login.service.impl.LoginServiceImpl] is not eligible for getting processed by all BeanPostProcessors (for example: not eligible for auto-proxying)
13:22:57.512 [main]  INFO  o.s.context.support.PostProcessorRegistrationDelegate$BeanPostProcessorChecker - Bean 'myShiroRealm' of type [com.yunzhong.appointment.config.MyRealm] is not eligible for getting processed by all BeanPostProcessors (for example: not eligible for auto-proxying)
13:22:57.549 [main]  INFO  o.s.context.support.PostProcessorRegistrationDelegate$BeanPostProcessorChecker - Bean 'securityManager' of type [org.apache.shiro.web.mgt.DefaultWebSecurityManager] is not eligible for getting processed by all BeanPostProcessors (for example: not eligible for auto-proxying)
13:22:57.997 [main]  INFO  com.yunzhong.appointment.config.DruidConfiguration - init Druid Servlet Configuration 
13:22:58.535 [main]  INFO  o.springframework.web.servlet.mvc.method.annotation.RequestMappingHandlerAdapter - Looking for @ControllerAdvice: org.springframework.web.context.support.GenericWebApplicationContext@4bc222e: startup date [Wed Mar 13 13:22:55 CST 2019]; root of context hierarchy
13:22:58.602 [main]  INFO  o.springframework.web.servlet.mvc.method.annotation.RequestMappingHandlerMapping - Mapped "{[/base/download]}" onto public void com.yunzhong.appointment.base.controller.BaseController.downloadByUrl(java.lang.String)
13:22:58.610 [main]  INFO  o.springframework.web.servlet.mvc.method.annotation.RequestMappingHandlerMapping - Mapped "{[/baseinfo/listNewAnnoucement]}" onto public java.lang.String com.yunzhong.appointment.baseinfo.controller.BaseinfoController.queryNewAnnoucement(javax.servlet.http.HttpServletRequest,org.springframework.ui.Model)
13:22:58.610 [main]  INFO  o.springframework.web.servlet.mvc.method.annotation.RequestMappingHandlerMapping - Mapped "{[/baseinfo/listAnnouncement]}" onto public java.lang.String com.yunzhong.appointment.baseinfo.controller.BaseinfoController.annoucementAddPage(javax.servlet.http.HttpServletRequest,org.springframework.ui.Model)
13:22:58.610 [main]  INFO  o.springframework.web.servlet.mvc.method.annotation.RequestMappingHandlerMapping - Mapped "{[/baseinfo/editAnnouncementPage]}" onto public java.lang.String com.yunzhong.appointment.baseinfo.controller.BaseinfoController.editAnnouncementPage(java.lang.String,org.springframework.ui.Model)
13:22:58.610 [main]  INFO  o.springframework.web.servlet.mvc.method.annotation.RequestMappingHandlerMapping - Mapped "{[/baseinfo/addAnnouncementPage]}" onto public java.lang.String com.yunzhong.appointment.baseinfo.controller.BaseinfoController.addAnnouncementPage()
13:22:58.610 [main]  INFO  o.springframework.web.servlet.mvc.method.annotation.RequestMappingHandlerMapping - Mapped "{[/baseinfo/addBigThingPage]}" onto public java.lang.String com.yunzhong.appointment.baseinfo.controller.BaseinfoController.addBigThingPage()
13:22:58.611 [main]  INFO  o.springframework.web.servlet.mvc.method.annotation.RequestMappingHandlerMapping - Mapped "{[/baseinfo/editAnnouncement]}" onto public com.yunzhong.appointment.util.ResultJson com.yunzhong.appointment.baseinfo.controller.BaseinfoController.editAnnouncement(com.yunzhong.appointment.entity.Noticeboard)
13:22:58.611 [main]  INFO  o.springframework.web.servlet.mvc.method.annotation.RequestMappingHandlerMapping - Mapped "{[/baseinfo/listBigthing]}" onto public java.lang.String com.yunzhong.appointment.baseinfo.controller.BaseinfoController.listBigthing(javax.servlet.http.HttpServletRequest,org.springframework.ui.Model)
13:22:58.611 [main]  INFO  o.springframework.web.servlet.mvc.method.annotation.RequestMappingHandlerMapping - Mapped "{[/baseinfo/editBigThingPage]}" onto public java.lang.String com.yunzhong.appointment.baseinfo.controller.BaseinfoController.editBigThingPage(java.lang.String,org.springframework.ui.Model)
13:22:58.611 [main]  INFO  o.springframework.web.servlet.mvc.method.annotation.RequestMappingHandlerMapping - Mapped "{[/baseinfo/baseinfo]}" onto public java.lang.String com.yunzhong.appointment.baseinfo.controller.BaseinfoController.baseinfo()
13:22:58.611 [main]  INFO  o.springframework.web.servlet.mvc.method.annotation.RequestMappingHandlerMapping - Mapped "{[/baseinfo/addAnnouncement]}" onto public com.yunzhong.appointment.util.ResultJson com.yunzhong.appointment.baseinfo.controller.BaseinfoController.addAnnouncement(com.yunzhong.appointment.entity.Noticeboard)
13:22:58.612 [main]  INFO  o.springframework.web.servlet.mvc.method.annotation.RequestMappingHandlerMapping - Mapped "{[/baseinfo/validatThingName]}" onto public boolean com.yunzhong.appointment.baseinfo.controller.BaseinfoController.validatThingName(java.lang.String)
13:22:58.615 [main]  INFO  o.springframework.web.servlet.mvc.method.annotation.RequestMappingHandlerMapping - Mapped "{[/baseinfo/addBigThing]}" onto public com.yunzhong.appointment.util.ResultJson com.yunzhong.appointment.baseinfo.controller.BaseinfoController.addBigThing(com.yunzhong.appointment.entity.Bigthing)
13:22:58.615 [main]  INFO  o.springframework.web.servlet.mvc.method.annotation.RequestMappingHandlerMapping - Mapped "{[/baseinfo/validatAnnoName]}" onto public boolean com.yunzhong.appointment.baseinfo.controller.BaseinfoController.validatAnnoName(java.lang.String)
13:22:58.616 [main]  INFO  o.springframework.web.servlet.mvc.method.annotation.RequestMappingHandlerMapping - Mapped "{[/baseinfo/pageAnnouncement]}" onto public java.lang.String com.yunzhong.appointment.baseinfo.controller.BaseinfoController.pageAnnouncement(java.lang.String,org.springframework.ui.Model)
13:22:58.616 [main]  INFO  o.springframework.web.servlet.mvc.method.annotation.RequestMappingHandlerMapping - Mapped "{[/baseinfo/editBigThing]}" onto public com.yunzhong.appointment.util.ResultJson com.yunzhong.appointment.baseinfo.controller.BaseinfoController.editBigThing(com.yunzhong.appointment.entity.Bigthing)
13:22:58.616 [main]  INFO  o.springframework.web.servlet.mvc.method.annotation.RequestMappingHandlerMapping - Mapped "{[/baseinfo/delThing]}" onto public boolean com.yunzhong.appointment.baseinfo.controller.BaseinfoController.delThing(java.lang.String)
13:22:58.616 [main]  INFO  o.springframework.web.servlet.mvc.method.annotation.RequestMappingHandlerMapping - Mapped "{[/baseinfo/del]}" onto public boolean com.yunzhong.appointment.baseinfo.controller.BaseinfoController.del(java.lang.String)
13:22:58.618 [main]  INFO  o.springframework.web.servlet.mvc.method.annotation.RequestMappingHandlerMapping - Mapped "{[/baseinfo/listIllnessposition]}" onto public java.lang.String com.yunzhong.appointment.baseinfo.controller.BaseinfoIllnessController.queryListIllnessposition(javax.servlet.http.HttpServletRequest,org.springframework.ui.Model)
13:22:58.618 [main]  INFO  o.springframework.web.servlet.mvc.method.annotation.RequestMappingHandlerMapping - Mapped "{[/baseinfo/addIllnesspositionPage]}" onto public java.lang.String com.yunzhong.appointment.baseinfo.controller.BaseinfoIllnessController.addIllnesspositionPage(javax.servlet.http.HttpServletRequest,org.springframework.ui.Model)
13:22:58.618 [main]  INFO  o.springframework.web.servlet.mvc.method.annotation.RequestMappingHandlerMapping - Mapped "{[/baseinfo/listIllness]}" onto public java.lang.String com.yunzhong.appointment.baseinfo.controller.BaseinfoIllnessController.queryListIllness(javax.servlet.http.HttpServletRequest,org.springframework.ui.Model)
13:22:58.618 [main]  INFO  o.springframework.web.servlet.mvc.method.annotation.RequestMappingHandlerMapping - Mapped "{[/baseinfo/validatBigName]}" onto public java.lang.Boolean com.yunzhong.appointment.baseinfo.controller.BaseinfoIllnessController.validatBigName(javax.servlet.http.HttpServletRequest,org.springframework.ui.Model,java.lang.String)
13:22:58.619 [main]  INFO  o.springframework.web.servlet.mvc.method.annotation.RequestMappingHandlerMapping - Mapped "{[/baseinfo/showHospitalInfo]}" onto public java.lang.String com.yunzhong.appointment.baseinfo.controller.HospitalController.showHospitalInfo(org.springframework.ui.Model)
13:22:58.619 [main]  INFO  o.springframework.web.servlet.mvc.method.annotation.RequestMappingHandlerMapping - Mapped "{[/baseinfo/editHospital]}" onto public java.lang.String com.yunzhong.appointment.baseinfo.controller.HospitalController.editHospital(org.springframework.ui.Model,java.lang.String)
13:22:58.619 [main]  INFO  o.springframework.web.servlet.mvc.method.annotation.RequestMappingHandlerMapping - Mapped "{[/baseinfo/editsaveHospital]}" onto public com.yunzhong.appointment.util.ResultJson com.yunzhong.appointment.baseinfo.controller.HospitalController.editsaveHospital(com.yunzhong.appointment.entity.Hostipal)
13:22:58.620 [main]  INFO  o.springframework.web.servlet.mvc.method.annotation.RequestMappingHandlerMapping - Mapped "{[/appt/apptadd]}" onto public com.yunzhong.appointment.util.ResultJson com.yunzhong.appointment.illness.controller.ApptController.apptadd(javax.servlet.http.HttpServletRequest)
13:22:58.621 [main]  INFO  o.springframework.web.servlet.mvc.method.annotation.RequestMappingHandlerMapping - Mapped "{[/appt/apptlist]}" onto public java.lang.String com.yunzhong.appointment.illness.controller.ApptController.appBydept(java.lang.String,org.springframework.ui.ModelMap,java.lang.String,java.lang.String)
13:22:58.622 [main]  INFO  o.springframework.web.servlet.mvc.method.annotation.RequestMappingHandlerMapping - Mapped "{[/appointment/deptDoctor]}" onto public java.lang.String com.yunzhong.appointment.illness.controller.DeptController.querylistDoctor(org.springframework.ui.ModelMap,javax.servlet.http.HttpServletRequest)
13:22:58.622 [main]  INFO  o.springframework.web.servlet.mvc.method.annotation.RequestMappingHandlerMapping - Mapped "{[/appointment/queryProByDeptId]}" onto public java.util.List<com.yunzhong.appointment.entity.Professional> com.yunzhong.appointment.illness.controller.DeptController.queryProByDeptId(org.springframework.ui.ModelMap,java.lang.String)
13:22:58.623 [main]  INFO  o.springframework.web.servlet.mvc.method.annotation.RequestMappingHandlerMapping - Mapped "{[/appointment/queryDeptBydplId]}" onto public java.util.List<com.yunzhong.appointment.entity.Department> com.yunzhong.appointment.illness.controller.DeptController.queryDeptBydplId(org.springframework.ui.ModelMap,java.lang.String)
13:22:58.623 [main]  INFO  o.springframework.web.servlet.mvc.method.annotation.RequestMappingHandlerMapping - Mapped "{[/appointment/queryProfessionalFeeById]}" onto public java.lang.Double com.yunzhong.appointment.illness.controller.DeptController.queryProfessionalFeeById(org.springframework.ui.ModelMap,java.lang.String)
13:22:58.623 [main]  INFO  o.springframework.web.servlet.mvc.method.annotation.RequestMappingHandlerMapping - Mapped "{[/appointment/listDept]}" onto public java.lang.String com.yunzhong.appointment.illness.controller.DeptController.queryDepartmenttype(org.springframework.ui.ModelMap)
13:22:58.624 [main]  INFO  o.springframework.web.servlet.mvc.method.annotation.RequestMappingHandlerMapping - Mapped "{[/appointment/down]}" onto public void com.yunzhong.appointment.illness.controller.IllnessController.down(java.lang.String,javax.servlet.http.HttpServletResponse)
13:22:58.625 [main]  INFO  o.springframework.web.servlet.mvc.method.annotation.RequestMappingHandlerMapping - Mapped "{[/appointment/listDoctor]}" onto public java.lang.String com.yunzhong.appointment.illness.controller.IllnessController.querylistDoctor(org.springframework.ui.ModelMap,javax.servlet.http.HttpServletRequest,java.lang.String)
13:22:58.625 [main]  INFO  o.springframework.web.servlet.mvc.method.annotation.RequestMappingHandlerMapping - Mapped "{[/appointment/queryByName]}" onto public java.lang.String com.yunzhong.appointment.illness.controller.IllnessController.queryByName(org.springframework.ui.ModelMap,javax.servlet.http.HttpServletRequest,java.lang.String)
13:22:58.625 [main]  INFO  o.springframework.web.servlet.mvc.method.annotation.RequestMappingHandlerMapping - Mapped "{[/appointment/listIllness]}" onto public java.lang.String com.yunzhong.appointment.illness.controller.IllnessController.querylistIllness(org.springframework.ui.Model,javax.servlet.http.HttpServletRequest)
13:22:58.625 [main]  INFO  o.springframework.web.servlet.mvc.method.annotation.RequestMappingHandlerMapping - Mapped "{[/appointment/queryByillnessOrdoctor]}" onto public java.lang.String com.yunzhong.appointment.illness.controller.IllnessController.queryByillnessOrdoctor(org.springframework.ui.ModelMap,javax.servlet.http.HttpServletRequest,java.lang.String,java.lang.String)
13:22:58.626 [main]  INFO  o.springframework.web.servlet.mvc.method.annotation.RequestMappingHandlerMapping - Mapped "{[/logout]}" onto public java.lang.String com.yunzhong.appointment.login.controller.LoginController.logout(org.springframework.web.servlet.mvc.support.RedirectAttributes)
13:22:58.626 [main]  INFO  o.springframework.web.servlet.mvc.method.annotation.RequestMappingHandlerMapping - Mapped "{[/login]}" onto public java.lang.String com.yunzhong.appointment.login.controller.LoginController.login()
13:22:58.626 [main]  INFO  o.springframework.web.servlet.mvc.method.annotation.RequestMappingHandlerMapping - Mapped "{[/success]}" onto public java.lang.String com.yunzhong.appointment.login.controller.LoginController.login(com.yunzhong.appointment.entity.SysUser,javax.servlet.http.HttpServletRequest,org.springframework.web.servlet.mvc.support.RedirectAttributes)
13:22:58.628 [main]  INFO  o.springframework.web.servlet.mvc.method.annotation.RequestMappingHandlerMapping - Mapped "{[/personal/list]}" onto public java.lang.String com.yunzhong.appointment.personal.controller.PersonnalController.list(java.lang.String)
13:22:58.629 [main]  INFO  o.springframework.web.servlet.mvc.method.annotation.RequestMappingHandlerMapping - Mapped "{[/personal/down]}" onto public void com.yunzhong.appointment.personal.controller.PersonnalController.down(java.lang.String,javax.servlet.http.HttpServletResponse)
13:22:58.629 [main]  INFO  o.springframework.web.servlet.mvc.method.annotation.RequestMappingHandlerMapping - Mapped "{[/personal/edit]}" onto public com.yunzhong.appointment.util.ResultJson com.yunzhong.appointment.personal.controller.PersonnalController.edit(com.yunzhong.appointment.entity.Patient)
13:22:58.629 [main]  INFO  o.springframework.web.servlet.mvc.method.annotation.RequestMappingHandlerMapping - Mapped "{[/personal/changePass]}" onto public java.lang.String com.yunzhong.appointment.personal.controller.PersonnalController.changePass(java.lang.String,org.springframework.ui.ModelMap)
13:22:58.629 [main]  INFO  o.springframework.web.servlet.mvc.method.annotation.RequestMappingHandlerMapping - Mapped "{[/personal/personalInfo]}" onto public java.lang.String com.yunzhong.appointment.personal.controller.PersonnalController.personalInfo(java.lang.String,org.springframework.ui.ModelMap)
13:22:58.629 [main]  INFO  o.springframework.web.servlet.mvc.method.annotation.RequestMappingHandlerMapping - Mapped "{[/personal/cancelOrder]}" onto public com.yunzhong.appointment.util.ResultJson com.yunzhong.appointment.personal.controller.PersonnalController.cancelOrder(java.lang.String)
13:22:58.630 [main]  INFO  o.springframework.web.servlet.mvc.method.annotation.RequestMappingHandlerMapping - Mapped "{[/personal/addimg]}" onto public com.yunzhong.appointment.util.ResultJson com.yunzhong.appointment.personal.controller.PersonnalController.addimg(java.lang.String,java.lang.String,java.lang.String)
13:22:58.630 [main]  INFO  o.springframework.web.servlet.mvc.method.annotation.RequestMappingHandlerMapping - Mapped "{[/personal/editpass]}" onto public com.yunzhong.appointment.util.ResultJson com.yunzhong.appointment.personal.controller.PersonnalController.editpass(com.yunzhong.appointment.entity.Patient,java.lang.String)
13:22:58.630 [main]  INFO  o.springframework.web.servlet.mvc.method.annotation.RequestMappingHandlerMapping - Mapped "{[/personal/personalPhoto]}" onto public java.lang.String com.yunzhong.appointment.personal.controller.PersonnalController.personalPhoto(java.lang.String,org.springframework.ui.ModelMap)
13:22:58.630 [main]  INFO  o.springframework.web.servlet.mvc.method.annotation.RequestMappingHandlerMapping - Mapped "{[/personal/listOrder]}" onto public java.lang.String com.yunzhong.appointment.personal.controller.PersonnalController.listOrder(javax.servlet.http.HttpServletRequest,java.lang.String,org.springframework.ui.ModelMap,java.lang.String)
13:22:58.630 [main]  INFO  o.springframework.web.servlet.mvc.method.annotation.RequestMappingHandlerMapping - Mapped "{[/personal/payOrder]}" onto public java.lang.String com.yunzhong.appointment.personal.controller.PersonnalController.payOrder(java.lang.String)
13:22:58.631 [main]  INFO  o.springframework.web.servlet.mvc.method.annotation.RequestMappingHandlerMapping - Mapped "{[/region/area]}" onto public com.yunzhong.appointment.util.ResultJson com.yunzhong.appointment.region.controller.RegionController.queryarea(java.lang.String)
13:22:58.631 [main]  INFO  o.springframework.web.servlet.mvc.method.annotation.RequestMappingHandlerMapping - Mapped "{[/region/city]}" onto public com.yunzhong.appointment.util.ResultJson com.yunzhong.appointment.region.controller.RegionController.querycity(java.lang.String)
13:22:58.633 [main]  INFO  o.springframework.web.servlet.mvc.method.annotation.RequestMappingHandlerMapping - Mapped "{[/register/add]}" onto public java.lang.String com.yunzhong.appointment.register.contorller.RegisterController.add(org.springframework.ui.ModelMap)
13:22:58.633 [main]  INFO  o.springframework.web.servlet.mvc.method.annotation.RequestMappingHandlerMapping - Mapped "{[/register/protocol]}" onto public java.lang.String com.yunzhong.appointment.register.contorller.RegisterController.protocol()
13:22:58.633 [main]  INFO  o.springframework.web.servlet.mvc.method.annotation.RequestMappingHandlerMapping - Mapped "{[/register/verify]}" onto public com.yunzhong.appointment.util.ResultJson com.yunzhong.appointment.register.contorller.RegisterController.verify(com.yunzhong.appointment.entity.Patient)
13:22:58.633 [main]  INFO  o.springframework.web.servlet.mvc.method.annotation.RequestMappingHandlerMapping - Mapped "{[/register/recoverpass]}" onto public com.yunzhong.appointment.util.ResultJson com.yunzhong.appointment.register.contorller.RegisterController.recoverpass(com.yunzhong.appointment.entity.Patient)
13:22:58.634 [main]  INFO  o.springframework.web.servlet.mvc.method.annotation.RequestMappingHandlerMapping - Mapped "{[/register/addSave]}" onto public com.yunzhong.appointment.util.ResultJson com.yunzhong.appointment.register.contorller.RegisterController.addSave(com.yunzhong.appointment.entity.Patient)
13:22:58.634 [main]  INFO  o.springframework.web.servlet.mvc.method.annotation.RequestMappingHandlerMapping - Mapped "{[/register/recover]}" onto public java.lang.String com.yunzhong.appointment.register.contorller.RegisterController.recover()
13:22:58.634 [main]  INFO  o.springframework.web.servlet.mvc.method.annotation.RequestMappingHandlerMapping - Mapped "{[/register/NameRepetition]}" onto public boolean com.yunzhong.appointment.register.contorller.RegisterController.NameRepetition(java.lang.String)
13:22:58.634 [main]  INFO  o.springframework.web.servlet.mvc.method.annotation.RequestMappingHandlerMapping - Mapped "{[/],methods=[GET]}" onto public java.lang.String com.yunzhong.appointment.system.controller.DashBoardController.dashBoard(org.springframework.ui.Model)
13:22:58.636 [main]  INFO  o.springframework.web.servlet.mvc.method.annotation.RequestMappingHandlerMapping - Mapped "{[/sys/editPerson]}" onto public com.yunzhong.appointment.util.ResultJson com.yunzhong.appointment.system.controller.PersonController.editPerson(org.springframework.ui.Model,com.yunzhong.appointment.entity.Person,org.springframework.web.multipart.MultipartFile)
13:22:58.636 [main]  INFO  o.springframework.web.servlet.mvc.method.annotation.RequestMappingHandlerMapping - Mapped "{[/sys/queryImgInfo]}" onto public boolean com.yunzhong.appointment.system.controller.PersonController.queryImgInfo(java.lang.String)
13:22:58.637 [main]  INFO  o.springframework.web.servlet.mvc.method.annotation.RequestMappingHandlerMapping - Mapped "{[/sys/delPerson]}" onto public boolean com.yunzhong.appointment.system.controller.PersonController.delPerson(java.lang.String)
13:22:58.637 [main]  INFO  o.springframework.web.servlet.mvc.method.annotation.RequestMappingHandlerMapping - Mapped "{[/sys/listPerson]}" onto public java.lang.String com.yunzhong.appointment.system.controller.PersonController.listPerson(javax.servlet.http.HttpServletRequest,org.springframework.ui.ModelMap)
13:22:58.637 [main]  INFO  o.springframework.web.servlet.mvc.method.annotation.RequestMappingHandlerMapping - Mapped "{[/sys/addPerson]}" onto public com.yunzhong.appointment.util.ResultJson com.yunzhong.appointment.system.controller.PersonController.addPerson(org.springframework.ui.Model,com.yunzhong.appointment.entity.Person,org.springframework.web.multipart.MultipartFile)
13:22:58.637 [main]  INFO  o.springframework.web.servlet.mvc.method.annotation.RequestMappingHandlerMapping - Mapped "{[/sys/queryPerUser]}" onto public boolean com.yunzhong.appointment.system.controller.PersonController.queryPerUser()
13:22:58.637 [main]  INFO  o.springframework.web.servlet.mvc.method.annotation.RequestMappingHandlerMapping - Mapped "{[/sys/chooseUserPage]}" onto public java.lang.String com.yunzhong.appointment.system.controller.PersonController.chooseUserPage(javax.servlet.http.HttpServletRequest,org.springframework.ui.Model)
13:22:58.637 [main]  INFO  o.springframework.web.servlet.mvc.method.annotation.RequestMappingHandlerMapping - Mapped "{[/sys/addPersonPage]}" onto public java.lang.String com.yunzhong.appointment.system.controller.PersonController.addPersonPage(org.springframework.ui.Model)
13:22:58.638 [main]  INFO  o.springframework.web.servlet.mvc.method.annotation.RequestMappingHandlerMapping - Mapped "{[/sys/queryUserRoles]}" onto public boolean com.yunzhong.appointment.system.controller.PersonController.queryUserRoles(java.lang.String)
13:22:58.638 [main]  INFO  o.springframework.web.servlet.mvc.method.annotation.RequestMappingHandlerMapping - Mapped "{[/sys/editPersonPage]}" onto public java.lang.String com.yunzhong.appointment.system.controller.PersonController.editPersonPage(org.springframework.ui.Model,java.lang.String)
13:22:58.639 [main]  INFO  o.springframework.web.servlet.mvc.method.annotation.RequestMappingHandlerMapping - Mapped "{[/sys/listProfessional]}" onto public java.lang.String com.yunzhong.appointment.system.controller.ProfessionalController.listPro(javax.servlet.http.HttpServletRequest,org.springframework.ui.ModelMap)
13:22:58.639 [main]  INFO  o.springframework.web.servlet.mvc.method.annotation.RequestMappingHandlerMapping - Mapped "{[/sys/pagePro]}" onto public java.lang.String com.yunzhong.appointment.system.controller.ProfessionalController.pageUser(java.lang.String,org.springframework.ui.ModelMap)
13:22:58.639 [main]  INFO  o.springframework.web.servlet.mvc.method.annotation.RequestMappingHandlerMapping - Mapped "{[/sys/validProName]}" onto public com.yunzhong.appointment.util.ResultJson com.yunzhong.appointment.system.controller.ProfessionalController.validProName(java.lang.String,java.lang.String)
13:22:58.639 [main]  INFO  o.springframework.web.servlet.mvc.method.annotation.RequestMappingHandlerMapping - Mapped "{[/sys/removePro]}" onto public com.yunzhong.appointment.util.ResultJson com.yunzhong.appointment.system.controller.ProfessionalController.removePro(java.lang.String)
13:22:58.639 [main]  INFO  o.springframework.web.servlet.mvc.method.annotation.RequestMappingHandlerMapping - Mapped "{[/sys/saveOrUpdatePro]}" onto public java.lang.String com.yunzhong.appointment.system.controller.ProfessionalController.saveOrUpdatePro(com.yunzhong.appointment.entity.Professional,org.springframework.web.servlet.mvc.support.RedirectAttributes)
13:22:58.641 [main]  INFO  o.springframework.web.servlet.mvc.method.annotation.RequestMappingHandlerMapping - Mapped "{[/sys/addMwnuPage]}" onto public java.lang.String com.yunzhong.appointment.system.controller.SysMenuController.addMwnuPage(java.lang.String,org.springframework.ui.Model)
13:22:58.641 [main]  INFO  o.springframework.web.servlet.mvc.method.annotation.RequestMappingHandlerMapping - Mapped "{[/sys/addMenu]}" onto public boolean com.yunzhong.appointment.system.controller.SysMenuController.addMenu(com.yunzhong.appointment.entity.SysMenu,org.springframework.ui.Model)
13:22:58.642 [main]  INFO  o.springframework.web.servlet.mvc.method.annotation.RequestMappingHandlerMapping - Mapped "{[/sys/showMenu]}" onto public java.lang.String com.yunzhong.appointment.system.controller.SysMenuController.showMenu(java.lang.String)
13:22:58.642 [main]  INFO  o.springframework.web.servlet.mvc.method.annotation.RequestMappingHandlerMapping - Mapped "{[/sys/editMenu]}" onto public boolean com.yunzhong.appointment.system.controller.SysMenuController.editMenu(com.yunzhong.appointment.entity.SysMenu,org.springframework.ui.Model)
13:22:58.642 [main]  INFO  o.springframework.web.servlet.mvc.method.annotation.RequestMappingHandlerMapping - Mapped "{[/sys/listMenu]}" onto public java.lang.String com.yunzhong.appointment.system.controller.SysMenuController.listUser(javax.servlet.http.HttpServletRequest,org.springframework.ui.ModelMap)
13:22:58.642 [main]  INFO  o.springframework.web.servlet.mvc.method.annotation.RequestMappingHandlerMapping - Mapped "{[/sys/queryMenu]}" onto public java.util.List<com.yunzhong.appointment.util.TreeNode> com.yunzhong.appointment.system.controller.SysMenuController.listUser(javax.servlet.http.HttpServletRequest,org.springframework.ui.ModelMap,java.lang.String)
13:22:58.642 [main]  INFO  o.springframework.web.servlet.mvc.method.annotation.RequestMappingHandlerMapping - Mapped "{[/sys/delMenu]}" onto public java.util.Map<java.lang.String, java.lang.Object> com.yunzhong.appointment.system.controller.SysMenuController.delMenu(java.lang.String)
13:22:58.643 [main]  INFO  o.springframework.web.servlet.mvc.method.annotation.RequestMappingHandlerMapping - Mapped "{[/sys/validateMenuName]}" onto public boolean com.yunzhong.appointment.system.controller.SysMenuController.validateMenuName(java.lang.String,java.lang.String,java.lang.String)
13:22:58.643 [main]  INFO  o.springframework.web.servlet.mvc.method.annotation.RequestMappingHandlerMapping - Mapped "{[/sys/editMwnuPage]}" onto public java.lang.String com.yunzhong.appointment.system.controller.SysMenuController.editMwnuPage(java.lang.String,org.springframework.ui.Model)
13:22:58.644 [main]  INFO  o.springframework.web.servlet.mvc.method.annotation.RequestMappingHandlerMapping - Mapped "{[/sys/checkRoleName]}" onto public com.yunzhong.appointment.util.ResultJson com.yunzhong.appointment.system.controller.SysRoleController.checkRoleName(java.lang.String)
13:22:58.644 [main]  INFO  o.springframework.web.servlet.mvc.method.annotation.RequestMappingHandlerMapping - Mapped "{[/sys/roleMenu]}" onto public java.lang.String com.yunzhong.appointment.system.controller.SysRoleController.roleMenu(java.lang.String,java.lang.String,org.springframework.web.servlet.mvc.support.RedirectAttributes)
13:22:58.644 [main]  INFO  o.springframework.web.servlet.mvc.method.annotation.RequestMappingHandlerMapping - Mapped "{[/sys/pageRole]}" onto public java.lang.String com.yunzhong.appointment.system.controller.SysRoleController.pageRole(java.lang.String,org.springframework.ui.ModelMap)
13:22:58.645 [main]  INFO  o.springframework.web.servlet.mvc.method.annotation.RequestMappingHandlerMapping - Mapped "{[/sys/saveOrUpdateRole]}" onto public java.lang.String com.yunzhong.appointment.system.controller.SysRoleController.saveOrUpdateRole(com.yunzhong.appointment.entity.SysRole,org.springframework.web.servlet.mvc.support.RedirectAttributes)
13:22:58.645 [main]  INFO  o.springframework.web.servlet.mvc.method.annotation.RequestMappingHandlerMapping - Mapped "{[/sys/removeRole]}" onto public java.lang.String com.yunzhong.appointment.system.controller.SysRoleController.removeRole(java.lang.String[])
13:22:58.645 [main]  INFO  o.springframework.web.servlet.mvc.method.annotation.RequestMappingHandlerMapping - Mapped "{[/sys/authRole]}" onto public java.lang.String com.yunzhong.appointment.system.controller.SysRoleController.authRole(java.lang.String,org.springframework.ui.ModelMap)
13:22:58.645 [main]  INFO  o.springframework.web.servlet.mvc.method.annotation.RequestMappingHandlerMapping - Mapped "{[/sys/listRole]}" onto public java.lang.String com.yunzhong.appointment.system.controller.SysRoleController.listRole(javax.servlet.http.HttpServletRequest,org.springframework.ui.ModelMap)
13:22:58.646 [main]  INFO  o.springframework.web.servlet.mvc.method.annotation.RequestMappingHandlerMapping - Mapped "{[/sys/baseinfo]}" onto public java.lang.String com.yunzhong.appointment.system.controller.SystemController.baseinfo()
13:22:58.646 [main]  INFO  o.springframework.web.servlet.mvc.method.annotation.RequestMappingHandlerMapping - Mapped "{[/sys/sys]}" onto public java.lang.String com.yunzhong.appointment.system.controller.SystemController.sys()
13:22:58.647 [main]  INFO  o.springframework.web.servlet.mvc.method.annotation.RequestMappingHandlerMapping - Mapped "{[/sys/saveDept]}" onto public com.yunzhong.appointment.util.ResultJson com.yunzhong.appointment.system.controller.SystemDepartmentController.addsaveDept(java.lang.String,java.lang.String,java.lang.String,java.lang.String)
13:22:58.647 [main]  INFO  o.springframework.web.servlet.mvc.method.annotation.RequestMappingHandlerMapping - Mapped "{[/sys/listDepartment]}" onto public java.lang.String com.yunzhong.appointment.system.controller.SystemDepartmentController.listDepartment(org.springframework.ui.ModelMap)
13:22:58.647 [main]  INFO  o.springframework.web.servlet.mvc.method.annotation.RequestMappingHandlerMapping - Mapped "{[/sys/addpage]}" onto public com.yunzhong.appointment.entity.Departmenttype com.yunzhong.appointment.system.controller.SystemDepartmentController.addpage(java.lang.String)
13:22:58.647 [main]  INFO  o.springframework.web.servlet.mvc.method.annotation.RequestMappingHandlerMapping - Mapped "{[/sys/editpage]}" onto public java.util.List com.yunzhong.appointment.system.controller.SystemDepartmentController.editpage(java.lang.String,java.lang.String)
13:22:58.647 [main]  INFO  o.springframework.web.servlet.mvc.method.annotation.RequestMappingHandlerMapping - Mapped "{[/sys/deleteDept]}" onto public com.yunzhong.appointment.util.ResultJson com.yunzhong.appointment.system.controller.SystemDepartmentController.deleteDept(java.lang.String,java.lang.String)
13:22:58.647 [main]  INFO  o.springframework.web.servlet.mvc.method.annotation.RequestMappingHandlerMapping - Mapped "{[/sys/validDeptName]}" onto public com.yunzhong.appointment.util.ResultJson com.yunzhong.appointment.system.controller.SystemDepartmentController.validDeptName(java.lang.String,java.lang.String)
13:22:58.648 [main]  INFO  o.springframework.web.servlet.mvc.method.annotation.RequestMappingHandlerMapping - Mapped "{[/sys/pageUser]}" onto public java.lang.String com.yunzhong.appointment.system.controller.SysUserController.pageUser(java.lang.String,org.springframework.ui.ModelMap)
13:22:58.649 [main]  INFO  o.springframework.web.servlet.mvc.method.annotation.RequestMappingHandlerMapping - Mapped "{[/sys/listUser]}" onto public java.lang.String com.yunzhong.appointment.system.controller.SysUserController.listUser(javax.servlet.http.HttpServletRequest,org.springframework.ui.ModelMap)
13:22:58.649 [main]  INFO  o.springframework.web.servlet.mvc.method.annotation.RequestMappingHandlerMapping - Mapped "{[/sys/checkUserName]}" onto public boolean com.yunzhong.appointment.system.controller.SysUserController.checkUserName(java.lang.String)
13:22:58.649 [main]  INFO  o.springframework.web.servlet.mvc.method.annotation.RequestMappingHandlerMapping - Mapped "{[/sys/removeUser]}" onto public java.lang.String com.yunzhong.appointment.system.controller.SysUserController.removeUser(java.lang.String[])
13:22:58.649 [main]  INFO  o.springframework.web.servlet.mvc.method.annotation.RequestMappingHandlerMapping - Mapped "{[/sys/authUser]}" onto public java.lang.String com.yunzhong.appointment.system.controller.SysUserController.authUser(java.lang.String,org.springframework.ui.ModelMap)
13:22:58.649 [main]  INFO  o.springframework.web.servlet.mvc.method.annotation.RequestMappingHandlerMapping - Mapped "{[/sys/saveOrUpdateUser]}" onto public java.lang.String com.yunzhong.appointment.system.controller.SysUserController.saveOrUpdateUser(com.yunzhong.appointment.entity.SysUser,org.springframework.web.servlet.mvc.support.RedirectAttributes)
13:22:58.649 [main]  INFO  o.springframework.web.servlet.mvc.method.annotation.RequestMappingHandlerMapping - Mapped "{[/sys/updateAuthUser]}" onto public java.lang.String com.yunzhong.appointment.system.controller.SysUserController.updateAuthUser(java.lang.String,java.lang.String)
13:22:58.651 [main]  INFO  o.springframework.web.servlet.mvc.method.annotation.RequestMappingHandlerMapping - Mapped "{[/error]}" onto public org.springframework.http.ResponseEntity<java.util.Map<java.lang.String, java.lang.Object>> org.springframework.boot.autoconfigure.web.BasicErrorController.error(javax.servlet.http.HttpServletRequest)
13:22:58.652 [main]  INFO  o.springframework.web.servlet.mvc.method.annotation.RequestMappingHandlerMapping - Mapped "{[/error],produces=[text/html]}" onto public org.springframework.web.servlet.ModelAndView org.springframework.boot.autoconfigure.web.BasicErrorController.errorHtml(javax.servlet.http.HttpServletRequest,javax.servlet.http.HttpServletResponse)
13:22:58.694 [main]  INFO  org.springframework.web.servlet.handler.SimpleUrlHandlerMapping - Mapped URL path [/webjars/**] onto handler of type [class org.springframework.web.servlet.resource.ResourceHttpRequestHandler]
13:22:58.694 [main]  INFO  org.springframework.web.servlet.handler.SimpleUrlHandlerMapping - Mapped URL path [/**] onto handler of type [class org.springframework.web.servlet.resource.ResourceHttpRequestHandler]
13:22:58.747 [main]  INFO  org.springframework.web.servlet.handler.SimpleUrlHandlerMapping - Mapped URL path [/**/favicon.ico] onto handler of type [class org.springframework.web.servlet.resource.ResourceHttpRequestHandler]
13:22:59.088 [main]  DEBUG o.s.boot.autoconfigure.logging.AutoConfigurationReportLoggingInitializer - 


=========================
AUTO-CONFIGURATION REPORT
=========================


Positive matches:
-----------------

   DataSourceAutoConfiguration matched:
      - @ConditionalOnClass found required classes 'javax.sql.DataSource', 'org.springframework.jdbc.datasource.embedded.EmbeddedDatabaseType'; @ConditionalOnMissingClass did not find unwanted class (OnClassCondition)

   DataSourceAutoConfiguration#dataSourceInitializer matched:
      - @ConditionalOnMissingBean (types: org.springframework.boot.autoconfigure.jdbc.DataSourceInitializer; SearchStrategy: all) did not find any beans (OnBeanCondition)

   DataSourceConfiguration.Generic matched:
[...]
         - @ConditionalOnClass did not find required classes 'org.springframework.security.authentication.AuthenticationManager', 'org.springframework.security.config.annotation.authentication.configurers.GlobalAuthenticationConfigurerAdapter' (OnClassCondition)

   SecurityFilterAutoConfiguration:
      Did not match:
         - @ConditionalOnClass did not find required classes 'org.springframework.security.web.context.AbstractSecurityWebApplicationInitializer', 'org.springframework.security.config.http.SessionCreationPolicy' (OnClassCondition)

   SendGridAutoConfiguration:
      Did not match:
         - @ConditionalOnClass did not find required class 'com.sendgrid.SendGrid' (OnClassCondition)

   SessionAutoConfiguration:
      Did not match:
         - @ConditionalOnClass did not find required class 'org.springframework.session.Session' (OnClassCondition)

   SitePreferenceAutoConfiguration:
      Did not match:
         - @ConditionalOnClass did not find required classes 'org.springframework.mobile.device.site.SitePreferenceHandlerInterceptor', 'org.springframework.mobile.device.site.SitePreferenceHandlerMethodArgumentResolver' (OnClassCondition)

   SocialWebAutoConfiguration:
      Did not match:
         - @ConditionalOnClass did not find required classes 'org.springframework.social.connect.web.ConnectController', 'org.springframework.social.config.annotation.SocialConfigurerAdapter' (OnClassCondition)

   SolrAutoConfiguration:
      Did not match:
         - @ConditionalOnClass did not find required classes 'org.apache.solr.client.solrj.impl.HttpSolrClient', 'org.apache.solr.client.solrj.impl.CloudSolrClient' (OnClassCondition)

   SolrRepositoriesAutoConfiguration:
      Did not match:
         - @ConditionalOnClass did not find required classes 'org.apache.solr.client.solrj.SolrClient', 'org.springframework.data.solr.repository.SolrRepository' (OnClassCondition)

   SpringApplicationAdminJmxAutoConfiguration:
      Did not match:
         - @ConditionalOnProperty (spring.application.admin.enabled=true) did not find property 'enabled' (OnPropertyCondition)

   ThymeleafAutoConfiguration:
      Did not match:
         - @ConditionalOnClass did not find required class 'org.thymeleaf.spring4.SpringTemplateEngine' (OnClassCondition)

   TransactionAutoConfiguration.EnableTransactionManagementConfiguration:
      Did not match:
         - @ConditionalOnMissingBean (types: org.springframework.transaction.annotation.AbstractTransactionManagementConfiguration; SearchStrategy: all) found bean 'org.springframework.transaction.annotation.ProxyTransactionManagementConfiguration' (OnBeanCondition)

   TransactionAutoConfiguration.EnableTransactionManagementConfiguration.CglibAutoProxyConfiguration:
      Did not match:
         - Ancestor org.springframework.boot.autoconfigure.transaction.TransactionAutoConfiguration$EnableTransactionManagementConfiguration did not match (ConditionEvaluationReport.AncestorsMatchedCondition)
      Matched:
         - @ConditionalOnProperty (spring.aop.proxy-target-class=true) matched (OnPropertyCondition)

   TransactionAutoConfiguration.EnableTransactionManagementConfiguration.JdkDynamicAutoProxyConfiguration:
      Did not match:
         - @ConditionalOnProperty (spring.aop.proxy-target-class=false) did not find property 'proxy-target-class' (OnPropertyCondition)
         - Ancestor org.springframework.boot.autoconfigure.transaction.TransactionAutoConfiguration$EnableTransactionManagementConfiguration did not match (ConditionEvaluationReport.AncestorsMatchedCondition)

   TwitterAutoConfiguration:
      Did not match:
         - @ConditionalOnClass did not find required classes 'org.springframework.social.config.annotation.SocialConfigurerAdapter', 'org.springframework.social.twitter.connect.TwitterConnectionFactory' (OnClassCondition)

   WebMvcAutoConfiguration.ResourceChainCustomizerConfiguration:
      Did not match:
         - @ConditionalOnEnabledResourceChain did not find class org.webjars.WebJarAssetLocator (OnEnabledResourceChainCondition)

   WebMvcAutoConfiguration.WebMvcAutoConfigurationAdapter#beanNameViewResolver:
      Did not match:
         - @ConditionalOnMissingBean (types: org.springframework.web.servlet.view.BeanNameViewResolver; SearchStrategy: all) found bean 'beanNameViewResolver' (OnBeanCondition)

   WebMvcAutoConfiguration.WebMvcAutoConfigurationAdapter#dateFormatter:
      Did not match:
         - @ConditionalOnProperty (spring.mvc.date-format) did not find property 'date-format' (OnPropertyCondition)

   WebMvcAutoConfiguration.WebMvcAutoConfigurationAdapter#localeResolver:
      Did not match:
         - @ConditionalOnProperty (spring.mvc.locale) did not find property 'locale' (OnPropertyCondition)

   WebServicesAutoConfiguration:
      Did not match:
         - @ConditionalOnClass did not find required class 'org.springframework.ws.transport.http.MessageDispatcherServlet' (OnClassCondition)

   WebSocketAutoConfiguration.JettyWebSocketConfiguration:
      Did not match:
         - @ConditionalOnClass did not find required class 'org.eclipse.jetty.websocket.jsr356.server.deploy.WebSocketServerContainerInitializer' (OnClassCondition)

   WebSocketAutoConfiguration.UndertowWebSocketConfiguration:
      Did not match:
         - @ConditionalOnClass did not find required class 'io.undertow.websockets.jsr.Bootstrap' (OnClassCondition)

   XADataSourceAutoConfiguration:
      Did not match:
         - @ConditionalOnClass did not find required class 'javax.transaction.TransactionManager' (OnClassCondition)


Exclusions:
-----------

    None


Unconditional classes:
----------------------

    org.springframework.boot.autoconfigure.web.WebClientAutoConfiguration

    org.springframework.boot.autoconfigure.context.PropertyPlaceholderAutoConfiguration

    org.springframework.boot.autoconfigure.context.ConfigurationPropertiesAutoConfiguration

    org.springframework.boot.autoconfigure.info.ProjectInfoAutoConfiguration



13:23:00.157 [main]  ERROR org.springframework.boot.SpringApplication - Application startup failed
java.lang.IllegalStateException: Failed to execute CommandLineRunner
	at org.springframework.boot.SpringApplication.callRunner(SpringApplication.java:735)
	at org.springframework.boot.SpringApplication.callRunners(SpringApplication.java:716)
	at org.springframework.boot.SpringApplication.afterRefresh(SpringApplication.java:703)
	at org.springframework.boot.SpringApplication.run(SpringApplication.java:304)
	at org.springframework.boot.test.context.SpringBootContextLoader.loadContext(SpringBootContextLoader.java:120)
	at org.springframework.test.context.cache.DefaultCacheAwareContextLoaderDelegate.loadContextInternal(DefaultCacheAwareContextLoaderDelegate.java:98)
	at org.springframework.test.context.cache.DefaultCacheAwareContextLoaderDelegate.loadContext(DefaultCacheAwareContextLoaderDelegate.java:116)
	at org.springframework.test.context.support.DefaultTestContext.getApplicationContext(DefaultTestContext.java:83)
	at org.springframework.test.context.web.ServletTestExecutionListener.setUpRequestContextIfNecessary(ServletTestExecutionListener.java:189)
	at org.springframework.test.context.web.ServletTestExecutionListener.prepareTestInstance(ServletTestExecutionListener.java:131)
	at org.springframework.test.context.TestContextManager.prepareTestInstance(TestContextManager.java:230)
	at org.springframework.test.context.junit4.SpringJUnit4ClassRunner.createTest(SpringJUnit4ClassRunner.java:228)
	at org.springframework.test.context.junit4.SpringJUnit4ClassRunner$1.runReflectiveCall(SpringJUnit4ClassRunner.java:287)
	at org.junit.internal.runners.model.ReflectiveCallable.run(ReflectiveCallable.java:12)
	at org.springframework.test.context.junit4.SpringJUnit4ClassRunner.methodBlock(SpringJUnit4ClassRunner.java:289)
	at org.springframework.test.context.junit4.SpringJUnit4ClassRunner.runChild(SpringJUnit4ClassRunner.java:247)
	at org.springframework.test.context.junit4.SpringJUnit4ClassRunner.runChild(SpringJUnit4ClassRunner.java:94)
	at org.junit.runners.ParentRunner$3.run(ParentRunner.java:290)
	at org.junit.runners.ParentRunner$1.schedule(ParentRunner.java:71)
	at org.junit.runners.ParentRunner.runChildren(ParentRunner.java:288)
	at org.junit.runners.ParentRunner.access$000(ParentRunner.java:58)
	at org.junit.runners.ParentRunner$2.evaluate(ParentRunner.java:268)
	at org.springframework.test.context.junit4.statements.RunBeforeTestClassCallbacks.evaluate(RunBeforeTestClassCallbacks.java:61)
	at org.springframework.test.context.junit4.statements.RunAfterTestClassCallbacks.evaluate(RunAfterTestClassCallbacks.java:70)
	at org.junit.runners.ParentRunner.run(ParentRunner.java:363)
	at org.springframework.test.context.junit4.SpringJUnit4ClassRunner.run(SpringJUnit4ClassRunner.java:191)
	at org.apache.maven.surefire.junit4.JUnit4Provider.execute(JUnit4Provider.java:283)
	at org.apache.maven.surefire.junit4.JUnit4Provider.executeWithRerun(JUnit4Provider.java:173)
	at org.apache.maven.surefire.junit4.JUnit4Provider.executeTestSet(JUnit4Provider.java:153)
	at org.apache.maven.surefire.junit4.JUnit4Provider.invoke(JUnit4Provider.java:128)
	at org.apache.maven.surefire.booter.ForkedBooter.invokeProviderInSameClassLoader(ForkedBooter.java:203)
	at org.apache.maven.surefire.booter.ForkedBooter.runSuitesInProcess(ForkedBooter.java:155)
	at org.apache.maven.surefire.booter.ForkedBooter.main(ForkedBooter.java:103)
Caused by: org.springframework.data.redis.RedisConnectionFailureException: Cannot get Jedis connection; nested exception is redis.clients.jedis.exceptions.JedisConnectionException: Could not get a resource from the pool
	at org.springframework.data.redis.connection.jedis.JedisConnectionFactory.fetchJedisConnector(JedisConnectionFactory.java:204)
	at org.springframework.data.redis.connection.jedis.JedisConnectionFactory.getConnection(JedisConnectionFactory.java:348)
	at org.springframework.data.redis.core.RedisConnectionUtils.doGetConnection(RedisConnectionUtils.java:129)
	at org.springframework.data.redis.core.RedisConnectionUtils.getConnection(RedisConnectionUtils.java:92)
	at org.springframework.data.redis.core.RedisConnectionUtils.getConnection(RedisConnectionUtils.java:79)
	at org.springframework.data.redis.core.RedisTemplate.execute(RedisTemplate.java:194)
	at org.springframework.data.redis.core.RedisTemplate.execute(RedisTemplate.java:169)
	at org.springframework.data.redis.core.RedisTemplate.delete(RedisTemplate.java:630)
	at com.yunzhong.appointment.commandLine.initRedisDate.run(initRedisDate.java:38)
	at org.springframework.boot.SpringApplication.callRunner(SpringApplication.java:732)
	... 32 common frames omitted
Caused by: redis.clients.jedis.exceptions.JedisConnectionException: Could not get a resource from the pool
	at redis.clients.util.Pool.getResource(Pool.java:53)
	at redis.clients.jedis.JedisPool.getResource(JedisPool.java:226)
	at redis.clients.jedis.JedisPool.getResource(JedisPool.java:16)
	at org.springframework.data.redis.connection.jedis.JedisConnectionFactory.fetchJedisConnector(JedisConnectionFactory.java:194)
	... 41 common frames omitted
Caused by: redis.clients.jedis.exceptions.JedisConnectionException: java.net.ConnectException: Connection refused: connect
	at redis.clients.jedis.Connection.connect(Connection.java:207)
	at redis.clients.jedis.BinaryClient.connect(BinaryClient.java:93)
	at redis.clients.jedis.BinaryJedis.connect(BinaryJedis.java:1767)
	at redis.clients.jedis.JedisFactory.makeObject(JedisFactory.java:106)
	at org.apache.commons.pool2.impl.GenericObjectPool.create(GenericObjectPool.java:868)
	at org.apache.commons.pool2.impl.GenericObjectPool.borrowObject(GenericObjectPool.java:435)
	at org.apache.commons.pool2.impl.GenericObjectPool.borrowObject(GenericObjectPool.java:363)
	at redis.clients.util.Pool.getResource(Pool.java:49)
	... 44 common frames omitted
Caused by: java.net.ConnectException: Connection refused: connect
	at java.net.DualStackPlainSocketImpl.waitForConnect(Native Method)
	at java.net.DualStackPlainSocketImpl.socketConnect(DualStackPlainSocketImpl.java:85)
	at java.net.AbstractPlainSocketImpl.doConnect(AbstractPlainSocketImpl.java:350)
	at java.net.AbstractPlainSocketImpl.connectToAddress(AbstractPlainSocketImpl.java:206)
	at java.net.AbstractPlainSocketImpl.connect(AbstractPlainSocketImpl.java:188)
	at java.net.PlainSocketImpl.connect(PlainSocketImpl.java:172)
	at java.net.SocksSocketImpl.connect(SocksSocketImpl.java:392)
	at java.net.Socket.connect(Socket.java:589)
	at redis.clients.jedis.Connection.connect(Connection.java:184)
	... 51 common frames omitted
13:23:00.158 [main]  INFO  org.springframework.web.context.support.GenericWebApplicationContext - Closing org.springframework.web.context.support.GenericWebApplicationContext@4bc222e: startup date [Wed Mar 13 13:22:55 CST 2019]; root of context hierarchy
13:23:00.162 [main]  ERROR org.springframework.test.context.TestContextManager - Caught exception while allowing TestExecutionListener [org.springframework.test.context.web.ServletTestExecutionListener@2c767a52] to prepare test instance [com.yunzhong.appointment.AppointmentApplicationTests@3249e278]
java.lang.IllegalStateException: Failed to load ApplicationContext
	at org.springframework.test.context.cache.DefaultCacheAwareContextLoaderDelegate.loadContext(DefaultCacheAwareContextLoaderDelegate.java:124)
	at org.springframework.test.context.support.DefaultTestContext.getApplicationContext(DefaultTestContext.java:83)
	at org.springframework.test.context.web.ServletTestExecutionListener.setUpRequestContextIfNecessary(ServletTestExecutionListener.java:189)
	at org.springframework.test.context.web.ServletTestExecutionListener.prepareTestInstance(ServletTestExecutionListener.java:131)
	at org.springframework.test.context.TestContextManager.prepareTestInstance(TestContextManager.java:230)
	at org.springframework.test.context.junit4.SpringJUnit4ClassRunner.createTest(SpringJUnit4ClassRunner.java:228)
	at org.springframework.test.context.junit4.SpringJUnit4ClassRunner$1.runReflectiveCall(SpringJUnit4ClassRunner.java:287)
	at org.junit.internal.runners.model.ReflectiveCallable.run(ReflectiveCallable.java:12)
	at org.springframework.test.context.junit4.SpringJUnit4ClassRunner.methodBlock(SpringJUnit4ClassRunner.java:289)
	at org.springframework.test.context.junit4.SpringJUnit4ClassRunner.runChild(SpringJUnit4ClassRunner.java:247)
	at org.springframework.test.context.junit4.SpringJUnit4ClassRunner.runChild(SpringJUnit4ClassRunner.java:94)
	at org.junit.runners.ParentRunner$3.run(ParentRunner.java:290)
	at org.junit.runners.ParentRunner$1.schedule(ParentRunner.java:71)
	at org.junit.runners.ParentRunner.runChildren(ParentRunner.java:288)
	at org.junit.runners.ParentRunner.access$000(ParentRunner.java:58)
	at org.junit.runners.ParentRunner$2.evaluate(ParentRunner.java:268)
	at org.springframework.test.context.junit4.statements.RunBeforeTestClassCallbacks.evaluate(RunBeforeTestClassCallbacks.java:61)
	at org.springframework.test.context.junit4.statements.RunAfterTestClassCallbacks.evaluate(RunAfterTestClassCallbacks.java:70)
	at org.junit.runners.ParentRunner.run(ParentRunner.java:363)
	at org.springframework.test.context.junit4.SpringJUnit4ClassRunner.run(SpringJUnit4ClassRunner.java:191)
	at org.apache.maven.surefire.junit4.JUnit4Provider.execute(JUnit4Provider.java:283)
	at org.apache.maven.surefire.junit4.JUnit4Provider.executeWithRerun(JUnit4Provider.java:173)
	at org.apache.maven.surefire.junit4.JUnit4Provider.executeTestSet(JUnit4Provider.java:153)
	at org.apache.maven.surefire.junit4.JUnit4Provider.invoke(JUnit4Provider.java:128)
	at org.apache.maven.surefire.booter.ForkedBooter.invokeProviderInSameClassLoader(ForkedBooter.java:203)
	at org.apache.maven.surefire.booter.ForkedBooter.runSuitesInProcess(ForkedBooter.java:155)
	at org.apache.maven.surefire.booter.ForkedBooter.main(ForkedBooter.java:103)
Caused by: java.lang.IllegalStateException: Failed to execute CommandLineRunner
	at org.springframework.boot.SpringApplication.callRunner(SpringApplication.java:735)
	at org.springframework.boot.SpringApplication.callRunners(SpringApplication.java:716)
	at org.springframework.boot.SpringApplication.afterRefresh(SpringApplication.java:703)
	at org.springframework.boot.SpringApplication.run(SpringApplication.java:304)
	at org.springframework.boot.test.context.SpringBootContextLoader.loadContext(SpringBootContextLoader.java:120)
	at org.springframework.test.context.cache.DefaultCacheAwareContextLoaderDelegate.loadContextInternal(DefaultCacheAwareContextLoaderDelegate.java:98)
	at org.springframework.test.context.cache.DefaultCacheAwareContextLoaderDelegate.loadContext(DefaultCacheAwareContextLoaderDelegate.java:116)
	... 26 common frames omitted
Caused by: org.springframework.data.redis.RedisConnectionFailureException: Cannot get Jedis connection; nested exception is redis.clients.jedis.exceptions.JedisConnectionException: Could not get a resource from the pool
	at org.springframework.data.redis.connection.jedis.JedisConnectionFactory.fetchJedisConnector(JedisConnectionFactory.java:204)
	at org.springframework.data.redis.connection.jedis.JedisConnectionFactory.getConnection(JedisConnectionFactory.java:348)
	at org.springframework.data.redis.core.RedisConnectionUtils.doGetConnection(RedisConnectionUtils.java:129)
	at org.springframework.data.redis.core.RedisConnectionUtils.getConnection(RedisConnectionUtils.java:92)
	at org.springframework.data.redis.core.RedisConnectionUtils.getConnection(RedisConnectionUtils.java:79)
	at org.springframework.data.redis.core.RedisTemplate.execute(RedisTemplate.java:194)
	at org.springframework.data.redis.core.RedisTemplate.execute(RedisTemplate.java:169)
	at org.springframework.data.redis.core.RedisTemplate.delete(RedisTemplate.java:630)
	at com.yunzhong.appointment.commandLine.initRedisDate.run(initRedisDate.java:38)
	at org.springframework.boot.SpringApplication.callRunner(SpringApplication.java:732)
	... 32 common frames omitted
Caused by: redis.clients.jedis.exceptions.JedisConnectionException: Could not get a resource from the pool
	at redis.clients.util.Pool.getResource(Pool.java:53)
	at redis.clients.jedis.JedisPool.getResource(JedisPool.java:226)
	at redis.clients.jedis.JedisPool.getResource(JedisPool.java:16)
	at org.springframework.data.redis.connection.jedis.JedisConnectionFactory.fetchJedisConnector(JedisConnectionFactory.java:194)
	... 41 common frames omitted
Caused by: redis.clients.jedis.exceptions.JedisConnectionException: java.net.ConnectException: Connection refused: connect
	at redis.clients.jedis.Connection.connect(Connection.java:207)
	at redis.clients.jedis.BinaryClient.connect(BinaryClient.java:93)
	at redis.clients.jedis.BinaryJedis.connect(BinaryJedis.java:1767)
	at redis.clients.jedis.JedisFactory.makeObject(JedisFactory.java:106)
	at org.apache.commons.pool2.impl.GenericObjectPool.create(GenericObjectPool.java:868)
	at org.apache.commons.pool2.impl.GenericObjectPool.borrowObject(GenericObjectPool.java:435)
	at org.apache.commons.pool2.impl.GenericObjectPool.borrowObject(GenericObjectPool.java:363)
	at redis.clients.util.Pool.getResource(Pool.java:49)
	... 44 common frames omitted
Caused by: java.net.ConnectException: Connection refused: connect
	at java.net.DualStackPlainSocketImpl.waitForConnect(Native Method)
	at java.net.DualStackPlainSocketImpl.socketConnect(DualStackPlainSocketImpl.java:85)
	at java.net.AbstractPlainSocketImpl.doConnect(AbstractPlainSocketImpl.java:350)
	at java.net.AbstractPlainSocketImpl.connectToAddress(AbstractPlainSocketImpl.java:206)
	at java.net.AbstractPlainSocketImpl.connect(AbstractPlainSocketImpl.java:188)
	at java.net.PlainSocketImpl.connect(PlainSocketImpl.java:172)
	at java.net.SocksSocketImpl.connect(SocksSocketImpl.java:392)
	at java.net.Socket.connect(Socket.java:589)
	at redis.clients.jedis.Connection.connect(Connection.java:184)
	... 51 common frames omitted
]]></system-out>
  </testcase>
</testsuite>